2025-03-30 01:42:14,954 [INFO] - Starting mutual learning phase...
2025-03-30 01:42:14,954 [INFO] - Hook registered for encoder.ln
2025-03-30 01:42:14,954 [INFO] - Feature extractor registered for vit at layer encoder.ln
2025-03-30 01:42:15,245 [INFO] - Feature shape for vit: torch.Size([1, 197, 768])
2025-03-30 01:42:15,247 [INFO] - Hook registered for features.8
2025-03-30 01:42:15,248 [INFO] - Feature extractor registered for efficientnet at layer features.8
2025-03-30 01:42:15,546 [INFO] - Feature shape for efficientnet: torch.Size([1, 1280, 7, 7])
2025-03-30 01:42:15,548 [INFO] - Hook registered for inception.Mixed_7c
2025-03-30 01:42:15,548 [INFO] - Feature extractor registered for inception at layer Mixed_7c
2025-03-30 01:42:15,820 [INFO] - Feature shape for inception: torch.Size([1, 2048, 5, 5])
2025-03-30 01:42:15,822 [INFO] - Hook registered for features
2025-03-30 01:42:15,822 [INFO] - Feature extractor registered for mobilenet at layer features
2025-03-30 01:42:15,945 [INFO] - Feature shape for mobilenet: torch.Size([1, 960, 7, 7])
2025-03-30 01:42:15,945 [INFO] - Hook registered for layer4
2025-03-30 01:42:15,952 [INFO] - Feature extractor registered for resnet at layer layer4
2025-03-30 01:42:16,117 [INFO] - Feature shape for resnet: torch.Size([1, 2048, 7, 7])
2025-03-30 01:42:16,117 [INFO] - Hook registered for features
2025-03-30 01:42:16,117 [INFO] - Feature extractor registered for densenet at layer features
2025-03-30 01:42:16,479 [INFO] - Feature shape for densenet: torch.Size([1, 1024, 7, 7])
2025-03-30 01:42:16,480 [INFO] - Hook registered for features.8
2025-03-30 01:42:16,480 [INFO] - Feature extractor registered for student at layer features.8
2025-03-30 01:42:16,501 [INFO] - Feature shape for student: torch.Size([1, 1280, 7, 7])
2025-03-30 01:42:16,503 [INFO] - Using learning rate 5e-05 for vit
2025-03-30 01:42:16,503 [INFO] - Using 16 gradient accumulation steps for ViT
2025-03-30 01:42:16,503 [INFO] - Using learning rate 0.001 for efficientnet
2025-03-30 01:42:16,503 [INFO] - Using learning rate 0.001 for inception
2025-03-30 01:42:16,507 [INFO] - Using learning rate 0.001 for mobilenet
2025-03-30 01:42:16,509 [INFO] - Using learning rate 0.001 for resnet
2025-03-30 01:42:16,510 [INFO] - Using learning rate 0.001 for densenet
2025-03-30 01:42:16,512 [INFO] - Using learning rate 0.001 for student
2025-03-30 01:42:16,514 [INFO] - Configuration saved to C:\Users\Gading\Downloads\Research\Results\MutualLearning\mutual_learning_20250330_014216_config.json
2025-03-30 01:42:16,515 [INFO] - Mutual Learning Epoch 1/50
2025-03-30 01:42:16,515 [INFO] - Mutual weight: 0.0400, Calibration weight: 0.0133
2025-03-30 01:42:16,522 [INFO] - Current temperatures: {'vit': 5.0, 'efficientnet': 5.0, 'inception': 6.0, 'mobilenet': 5.0, 'resnet': 5.0, 'densenet': 5.0, 'student': 4.0}
2025-03-30 01:42:16,681 [INFO] - GPU cache cleared: 1197.97MB → 1197.97MB (freed 0.00MB)
Training (mutual=0.04, cal=0.01): 100%|██████████| 938/938 [1:42:03<00:00,  6.53s/it, loss=0.553, acc=86.1%]
Validation: 100%|██████████| 105/105 [00:33<00:00,  3.10it/s]
2025-03-30 03:24:54,176 [INFO] -   vit: Train Loss=1.4651, Train Acc=54.62%, Val Loss=1.3035, Val Acc=53.16%, ECE=0.0272
2025-03-30 03:24:54,180 [INFO] -   New best model for vit (Val Acc: 53.16%)
2025-03-30 03:24:54,791 [INFO] -   efficientnet: Train Loss=0.2562, Train Acc=94.08%, Val Loss=0.1279, Val Acc=95.70%, ECE=0.0072
2025-03-30 03:24:54,795 [INFO] -   New best model for efficientnet (Val Acc: 95.70%)
2025-03-30 03:24:54,915 [INFO] -   inception: Train Loss=0.5169, Train Acc=88.62%, Val Loss=0.2108, Val Acc=92.88%, ECE=0.0152
2025-03-30 03:24:54,919 [INFO] -   New best model for inception (Val Acc: 92.88%)
2025-03-30 03:24:55,144 [INFO] -   mobilenet: Train Loss=0.3822, Train Acc=93.78%, Val Loss=0.1617, Val Acc=94.50%, ECE=0.0039
2025-03-30 03:24:55,148 [INFO] -   New best model for mobilenet (Val Acc: 94.50%)
2025-03-30 03:24:55,256 [INFO] -   resnet: Train Loss=0.5521, Train Acc=87.11%, Val Loss=0.2531, Val Acc=91.14%, ECE=0.0132
2025-03-30 03:24:55,256 [INFO] -   New best model for resnet (Val Acc: 91.14%)
2025-03-30 03:24:55,493 [INFO] -   densenet: Train Loss=0.4669, Train Acc=90.83%, Val Loss=0.1781, Val Acc=94.02%, ECE=0.0101
2025-03-30 03:24:55,497 [INFO] -   New best model for densenet (Val Acc: 94.02%)
2025-03-30 03:24:55,674 [INFO] -   student: Train Loss=0.2287, Train Acc=94.02%, Val Loss=0.1295, Val Acc=95.70%, ECE=0.0134
2025-03-30 03:24:55,684 [INFO] -   New best model for student (Val Acc: 95.70%)
2025-03-30 03:24:55,812 [INFO] - Mutual learning epoch 1 completed in 6159.30s
2025-03-30 03:24:55,812 [INFO] - Mutual Learning Epoch 2/50
2025-03-30 03:24:55,812 [INFO] - Mutual weight: 0.0800, Calibration weight: 0.0267
2025-03-30 03:24:55,812 [INFO] - Current temperatures: {'vit': 4.997582912445068, 'efficientnet': 5.088164329528809, 'inception': 5.914714336395264, 'mobilenet': 5.055821895599365, 'resnet': 5.067295074462891, 'densenet': 5.076976776123047, 'student': 4.1001410484313965}
2025-03-30 03:24:56,027 [INFO] - GPU cache cleared: 2442.59MB → 2442.59MB (freed 0.00MB)
Training (mutual=0.08, cal=0.03): 100%|██████████| 938/938 [1:55:40<00:00,  7.40s/it, loss=0.506, acc=87.6%]
Validation: 100%|██████████| 105/105 [02:41<00:00,  1.54s/it]
2025-03-30 05:23:18,445 [INFO] -   vit: Train Loss=1.4371, Train Acc=55.38%, Val Loss=1.2949, Val Acc=53.98%, ECE=0.0328
2025-03-30 05:23:18,451 [INFO] -   New best model for vit (Val Acc: 53.98%)
2025-03-30 05:23:19,156 [INFO] -   efficientnet: Train Loss=0.2395, Train Acc=95.04%, Val Loss=0.1318, Val Acc=95.24%, ECE=0.0102
2025-03-30 05:23:19,156 [INFO] -   inception: Train Loss=0.4505, Train Acc=90.73%, Val Loss=0.1964, Val Acc=93.20%, ECE=0.0111
2025-03-30 05:23:19,166 [INFO] -   New best model for inception (Val Acc: 93.20%)
2025-03-30 05:23:19,420 [INFO] -   mobilenet: Train Loss=0.3310, Train Acc=95.01%, Val Loss=0.1405, Val Acc=95.12%, ECE=0.0082
2025-03-30 05:23:19,424 [INFO] -   New best model for mobilenet (Val Acc: 95.12%)
2025-03-30 05:23:20,139 [INFO] -   resnet: Train Loss=0.4707, Train Acc=89.35%, Val Loss=0.2617, Val Acc=91.12%, ECE=0.0064
2025-03-30 05:23:20,148 [INFO] -   densenet: Train Loss=0.4041, Train Acc=92.56%, Val Loss=0.1889, Val Acc=93.48%, ECE=0.0076
2025-03-30 05:23:20,148 [INFO] -   student: Train Loss=0.2124, Train Acc=95.14%, Val Loss=0.1308, Val Acc=96.06%, ECE=0.0172
2025-03-30 05:23:20,155 [INFO] -   New best model for student (Val Acc: 96.06%)
2025-03-30 05:23:20,281 [INFO] - Mutual learning epoch 2 completed in 7104.47s
2025-03-30 05:23:20,281 [INFO] - Mutual Learning Epoch 3/50
2025-03-30 05:23:20,281 [INFO] - Mutual weight: 0.1200, Calibration weight: 0.0400
2025-03-30 05:23:20,281 [INFO] - Current temperatures: {'vit': 4.994599342346191, 'efficientnet': 5.195853233337402, 'inception': 5.817821502685547, 'mobilenet': 5.150443077087402, 'resnet': 5.181661128997803, 'densenet': 5.174471855163574, 'student': 4.224142074584961}
2025-03-30 05:23:20,560 [INFO] - GPU cache cleared: 2444.28MB → 2444.28MB (freed 0.00MB)
Training (mutual=0.12, cal=0.04): 100%|██████████| 938/938 [1:53:45<00:00,  7.28s/it, loss=0.48, acc=88.6%] 
Validation: 100%|██████████| 105/105 [01:42<00:00,  1.03it/s]
2025-03-30 07:18:48,249 [INFO] -   vit: Train Loss=1.4134, Train Acc=55.80%, Val Loss=1.2851, Val Acc=53.40%, ECE=0.0254
2025-03-30 07:18:48,250 [INFO] -   efficientnet: Train Loss=0.2255, Train Acc=95.96%, Val Loss=0.1096, Val Acc=96.42%, ECE=0.0161
2025-03-30 07:18:48,256 [INFO] -   New best model for efficientnet (Val Acc: 96.42%)
2025-03-30 07:18:48,413 [INFO] -   inception: Train Loss=0.4087, Train Acc=92.01%, Val Loss=0.1758, Val Acc=94.40%, ECE=0.0111
2025-03-30 07:18:48,417 [INFO] -   New best model for inception (Val Acc: 94.40%)
2025-03-30 07:18:48,685 [INFO] -   mobilenet: Train Loss=0.3020, Train Acc=96.24%, Val Loss=0.1383, Val Acc=95.58%, ECE=0.0140
2025-03-30 07:18:48,685 [INFO] -   New best model for mobilenet (Val Acc: 95.58%)
2025-03-30 07:18:48,803 [INFO] -   resnet: Train Loss=0.4317, Train Acc=90.54%, Val Loss=0.2407, Val Acc=91.58%, ECE=0.0112
2025-03-30 07:18:48,803 [INFO] -   New best model for resnet (Val Acc: 91.58%)
2025-03-30 07:18:49,043 [INFO] -   densenet: Train Loss=0.3736, Train Acc=93.54%, Val Loss=0.1605, Val Acc=94.94%, ECE=0.0147
2025-03-30 07:18:49,053 [INFO] -   New best model for densenet (Val Acc: 94.94%)
2025-03-30 07:18:49,217 [INFO] -   student: Train Loss=0.2024, Train Acc=95.92%, Val Loss=0.1260, Val Acc=96.38%, ECE=0.0284
2025-03-30 07:18:49,226 [INFO] -   New best model for student (Val Acc: 96.38%)
2025-03-30 07:18:49,343 [INFO] - Mutual learning epoch 3 completed in 6929.06s
2025-03-30 07:18:49,343 [INFO] - Mutual Learning Epoch 4/50
2025-03-30 07:18:49,343 [INFO] - Mutual weight: 0.1600, Calibration weight: 0.0533
2025-03-30 07:18:49,343 [INFO] - Current temperatures: {'vit': 4.991476535797119, 'efficientnet': 5.302482604980469, 'inception': 5.739878177642822, 'mobilenet': 5.254741668701172, 'resnet': 5.283935546875, 'densenet': 5.271505832672119, 'student': 4.349889755249023}
2025-03-30 07:18:49,597 [INFO] - GPU cache cleared: 2440.38MB → 2440.38MB (freed 0.00MB)
Training (mutual=0.16, cal=0.05): 100%|██████████| 938/938 [1:49:43<00:00,  7.02s/it, loss=0.458, acc=89.1%]
Validation: 100%|██████████| 105/105 [04:02<00:00,  2.31s/it]
2025-03-30 09:12:36,416 [INFO] -   vit: Train Loss=1.3777, Train Acc=56.03%, Val Loss=1.2689, Val Acc=54.28%, ECE=0.0268
2025-03-30 09:12:36,421 [INFO] -   New best model for vit (Val Acc: 54.28%)
2025-03-30 09:12:37,210 [INFO] -   efficientnet: Train Loss=0.2178, Train Acc=96.45%, Val Loss=0.1131, Val Acc=96.64%, ECE=0.0191
2025-03-30 09:12:37,212 [INFO] -   New best model for efficientnet (Val Acc: 96.64%)
2025-03-30 09:12:37,334 [INFO] -   inception: Train Loss=0.3738, Train Acc=93.09%, Val Loss=0.1806, Val Acc=93.92%, ECE=0.0171
2025-03-30 09:12:37,335 [INFO] -   mobilenet: Train Loss=0.2880, Train Acc=96.46%, Val Loss=0.1453, Val Acc=95.78%, ECE=0.0241
2025-03-30 09:12:37,338 [INFO] -   New best model for mobilenet (Val Acc: 95.78%)
2025-03-30 09:12:37,450 [INFO] -   resnet: Train Loss=0.4030, Train Acc=91.45%, Val Loss=0.2036, Val Acc=93.58%, ECE=0.0199
2025-03-30 09:12:37,453 [INFO] -   New best model for resnet (Val Acc: 93.58%)
2025-03-30 09:12:37,669 [INFO] -   densenet: Train Loss=0.3482, Train Acc=94.14%, Val Loss=0.1558, Val Acc=94.98%, ECE=0.0216
2025-03-30 09:12:37,680 [INFO] -   New best model for densenet (Val Acc: 94.98%)
2025-03-30 09:12:37,842 [INFO] -   student: Train Loss=0.1961, Train Acc=96.43%, Val Loss=0.1324, Val Acc=96.36%, ECE=0.0307
2025-03-30 09:12:37,842 [INFO] - Mutual learning epoch 4 completed in 6828.50s
2025-03-30 09:12:37,842 [INFO] - Mutual Learning Epoch 5/50
2025-03-30 09:12:37,842 [INFO] - Mutual weight: 0.2000, Calibration weight: 0.0667
2025-03-30 09:12:37,842 [INFO] - Current temperatures: {'vit': 4.98836088180542, 'efficientnet': 5.403698921203613, 'inception': 5.682631492614746, 'mobilenet': 5.355216026306152, 'resnet': 5.3742594718933105, 'densenet': 5.369604110717773, 'student': 4.4726080894470215}
2025-03-30 09:12:38,132 [INFO] - GPU cache cleared: 2443.90MB → 2443.90MB (freed 0.00MB)
Training (mutual=0.20, cal=0.07): 100%|██████████| 938/938 [2:02:31<00:00,  7.84s/it, loss=0.438, acc=89.7%]
Validation: 100%|██████████| 105/105 [03:17<00:00,  1.88s/it]
2025-03-30 11:18:27,974 [INFO] -   vit: Train Loss=1.3338, Train Acc=56.52%, Val Loss=1.2573, Val Acc=54.82%, ECE=0.0187
2025-03-30 11:18:27,988 [INFO] -   New best model for vit (Val Acc: 54.82%)
2025-03-30 11:18:28,757 [INFO] -   efficientnet: Train Loss=0.2121, Train Acc=96.94%, Val Loss=0.1126, Val Acc=96.36%, ECE=0.0178
2025-03-30 11:18:28,759 [INFO] -   inception: Train Loss=0.3483, Train Acc=93.76%, Val Loss=0.1677, Val Acc=94.96%, ECE=0.0192
2025-03-30 11:18:28,765 [INFO] -   New best model for inception (Val Acc: 94.96%)
2025-03-30 11:18:29,053 [INFO] -   mobilenet: Train Loss=0.2750, Train Acc=96.85%, Val Loss=0.1482, Val Acc=95.48%, ECE=0.0224
2025-03-30 11:18:29,054 [INFO] -   resnet: Train Loss=0.3771, Train Acc=92.18%, Val Loss=0.2165, Val Acc=93.00%, ECE=0.0200
2025-03-30 11:18:29,057 [INFO] -   densenet: Train Loss=0.3313, Train Acc=94.70%, Val Loss=0.1606, Val Acc=95.18%, ECE=0.0235
2025-03-30 11:18:29,063 [INFO] -   New best model for densenet (Val Acc: 95.18%)
2025-03-30 11:18:29,226 [INFO] -   student: Train Loss=0.1911, Train Acc=96.85%, Val Loss=0.1254, Val Acc=96.66%, ECE=0.0308
2025-03-30 11:18:29,230 [INFO] -   New best model for student (Val Acc: 96.66%)
2025-03-30 11:18:29,342 [INFO] - Mutual learning epoch 5 completed in 7551.50s
2025-03-30 11:18:29,343 [INFO] - Mutual Learning Epoch 6/50
2025-03-30 11:18:29,343 [INFO] - Mutual weight: 0.2400, Calibration weight: 0.0800
2025-03-30 11:18:29,345 [INFO] - Current temperatures: {'vit': 4.985304832458496, 'efficientnet': 5.497673988342285, 'inception': 5.650471210479736, 'mobilenet': 5.451262950897217, 'resnet': 5.456006050109863, 'densenet': 5.46004581451416, 'student': 4.590257167816162}
2025-03-30 11:18:29,642 [INFO] - GPU cache cleared: 2443.41MB → 2443.41MB (freed 0.00MB)
Training (mutual=0.24, cal=0.08): 100%|██████████| 938/938 [2:00:22<00:00,  7.70s/it, loss=0.42, acc=90.1%] 
Validation: 100%|██████████| 105/105 [02:58<00:00,  1.70s/it]
2025-03-30 13:21:50,211 [INFO] -   vit: Train Loss=1.2889, Train Acc=56.70%, Val Loss=1.2583, Val Acc=54.56%, ECE=0.0203
2025-03-30 13:21:50,213 [INFO] -   efficientnet: Train Loss=0.2096, Train Acc=97.08%, Val Loss=0.1093, Val Acc=96.74%, ECE=0.0182
2025-03-30 13:21:50,219 [INFO] -   New best model for efficientnet (Val Acc: 96.74%)
2025-03-30 13:21:50,356 [INFO] -   inception: Train Loss=0.3272, Train Acc=94.46%, Val Loss=0.1775, Val Acc=94.76%, ECE=0.0215
2025-03-30 13:21:50,359 [INFO] -   mobilenet: Train Loss=0.2604, Train Acc=97.39%, Val Loss=0.1463, Val Acc=95.32%, ECE=0.0220
2025-03-30 13:21:50,363 [INFO] -   resnet: Train Loss=0.3539, Train Acc=92.86%, Val Loss=0.2004, Val Acc=93.64%, ECE=0.0171
2025-03-30 13:21:50,375 [INFO] -   New best model for resnet (Val Acc: 93.64%)
2025-03-30 13:21:50,637 [INFO] -   densenet: Train Loss=0.3133, Train Acc=95.20%, Val Loss=0.1633, Val Acc=95.12%, ECE=0.0217
2025-03-30 13:21:50,637 [INFO] -   student: Train Loss=0.1900, Train Acc=97.11%, Val Loss=0.1482, Val Acc=95.98%, ECE=0.0269
2025-03-30 13:21:50,645 [INFO] - Mutual learning epoch 6 completed in 7401.29s
2025-03-30 13:21:50,645 [INFO] - Mutual Learning Epoch 7/50
2025-03-30 13:21:50,646 [INFO] - Mutual weight: 0.2800, Calibration weight: 0.0933
2025-03-30 13:21:50,647 [INFO] - Current temperatures: {'vit': 4.982351779937744, 'efficientnet': 5.585743427276611, 'inception': 5.645108699798584, 'mobilenet': 5.541408538818359, 'resnet': 5.525513648986816, 'densenet': 5.543480396270752, 'student': 4.703547954559326}
2025-03-30 13:21:50,915 [INFO] - GPU cache cleared: 2445.79MB → 2445.79MB (freed 0.00MB)
Training (mutual=0.28, cal=0.09): 100%|██████████| 938/938 [2:04:58<00:00,  7.99s/it, loss=0.403, acc=90.5%]
Validation: 100%|██████████| 105/105 [02:23<00:00,  1.37s/it]
2025-03-30 15:29:13,510 [INFO] -   vit: Train Loss=1.2396, Train Acc=57.37%, Val Loss=1.2475, Val Acc=54.78%, ECE=0.0232
2025-03-30 15:29:13,511 [INFO] -   efficientnet: Train Loss=0.2019, Train Acc=97.45%, Val Loss=0.1169, Val Acc=96.80%, ECE=0.0199
2025-03-30 15:29:13,518 [INFO] -   New best model for efficientnet (Val Acc: 96.80%)
2025-03-30 15:29:13,656 [INFO] -   inception: Train Loss=0.3068, Train Acc=94.90%, Val Loss=0.1855, Val Acc=94.76%, ECE=0.0218
2025-03-30 15:29:13,656 [INFO] -   mobilenet: Train Loss=0.2532, Train Acc=97.52%, Val Loss=0.1373, Val Acc=96.14%, ECE=0.0252
2025-03-30 15:29:13,664 [INFO] -   New best model for mobilenet (Val Acc: 96.14%)
2025-03-30 15:29:13,779 [INFO] -   resnet: Train Loss=0.3358, Train Acc=93.34%, Val Loss=0.2136, Val Acc=93.26%, ECE=0.0199
2025-03-30 15:29:13,779 [INFO] -   densenet: Train Loss=0.3002, Train Acc=95.55%, Val Loss=0.1720, Val Acc=94.68%, ECE=0.0263
2025-03-30 15:29:13,779 [INFO] -   student: Train Loss=0.1844, Train Acc=97.44%, Val Loss=0.1378, Val Acc=96.56%, ECE=0.0393
2025-03-30 15:29:13,779 [INFO] - Mutual learning epoch 7 completed in 7643.13s
2025-03-30 15:29:13,788 [INFO] - Mutual Learning Epoch 8/50
2025-03-30 15:29:13,788 [INFO] - Mutual weight: 0.3200, Calibration weight: 0.1067
2025-03-30 15:29:13,790 [INFO] - Current temperatures: {'vit': 4.979499816894531, 'efficientnet': 5.670443534851074, 'inception': 5.666605472564697, 'mobilenet': 5.6233015060424805, 'resnet': 5.595459461212158, 'densenet': 5.619895935058594, 'student': 4.810659885406494}
2025-03-30 15:29:14,064 [INFO] - GPU cache cleared: 2445.06MB → 2445.06MB (freed 0.00MB)
Training (mutual=0.32, cal=0.11): 100%|██████████| 938/938 [1:56:54<00:00,  7.48s/it, loss=0.388, acc=90.9%]
Validation: 100%|██████████| 105/105 [02:52<00:00,  1.64s/it]
2025-03-30 17:29:01,288 [INFO] -   vit: Train Loss=1.1939, Train Acc=57.72%, Val Loss=1.2372, Val Acc=55.02%, ECE=0.0224
2025-03-30 17:29:01,294 [INFO] -   New best model for vit (Val Acc: 55.02%)
2025-03-30 17:29:01,927 [INFO] -   efficientnet: Train Loss=0.1931, Train Acc=97.90%, Val Loss=0.1222, Val Acc=96.62%, ECE=0.0214
2025-03-30 17:29:01,928 [INFO] -   inception: Train Loss=0.2927, Train Acc=95.50%, Val Loss=0.1842, Val Acc=94.58%, ECE=0.0227
2025-03-30 17:29:01,931 [INFO] -   mobilenet: Train Loss=0.2455, Train Acc=97.69%, Val Loss=0.1487, Val Acc=95.80%, ECE=0.0276
2025-03-30 17:29:01,934 [INFO] -   resnet: Train Loss=0.3217, Train Acc=93.73%, Val Loss=0.2035, Val Acc=93.72%, ECE=0.0275
2025-03-30 17:29:01,934 [INFO] -   New best model for resnet (Val Acc: 93.72%)
2025-03-30 17:29:02,205 [INFO] -   densenet: Train Loss=0.2853, Train Acc=96.02%, Val Loss=0.1567, Val Acc=95.80%, ECE=0.0292
2025-03-30 17:29:02,205 [INFO] -   New best model for densenet (Val Acc: 95.80%)
2025-03-30 17:29:02,379 [INFO] -   student: Train Loss=0.1828, Train Acc=97.58%, Val Loss=0.1430, Val Acc=96.56%, ECE=0.0414
2025-03-30 17:29:02,379 [INFO] - Mutual learning epoch 8 completed in 7188.59s
2025-03-30 17:29:02,379 [INFO] - Mutual Learning Epoch 9/50
2025-03-30 17:29:02,390 [INFO] - Mutual weight: 0.3600, Calibration weight: 0.1200
2025-03-30 17:29:02,392 [INFO] - Current temperatures: {'vit': 4.976749420166016, 'efficientnet': 5.7552103996276855, 'inception': 5.702966213226318, 'mobilenet': 5.702963352203369, 'resnet': 5.65960168838501, 'densenet': 5.6949143409729, 'student': 4.912437438964844}
2025-03-30 17:29:02,674 [INFO] - GPU cache cleared: 2445.46MB → 2445.46MB (freed 0.00MB)
Training (mutual=0.36, cal=0.12): 100%|██████████| 938/938 [2:07:31<00:00,  8.16s/it, loss=0.373, acc=91.1%]
Validation: 100%|██████████| 105/105 [02:52<00:00,  1.64s/it]
2025-03-30 19:39:26,197 [INFO] -   vit: Train Loss=1.1443, Train Acc=57.97%, Val Loss=1.2271, Val Acc=55.52%, ECE=0.0141
2025-03-30 19:39:26,206 [INFO] -   New best model for vit (Val Acc: 55.52%)
2025-03-30 19:39:27,083 [INFO] -   efficientnet: Train Loss=0.1913, Train Acc=97.98%, Val Loss=0.1304, Val Acc=96.62%, ECE=0.0313
2025-03-30 19:39:27,084 [INFO] -   inception: Train Loss=0.2824, Train Acc=95.69%, Val Loss=0.1808, Val Acc=95.04%, ECE=0.0298
2025-03-30 19:39:27,090 [INFO] -   New best model for inception (Val Acc: 95.04%)
2025-03-30 19:39:27,408 [INFO] -   mobilenet: Train Loss=0.2365, Train Acc=97.98%, Val Loss=0.1447, Val Acc=96.08%, ECE=0.0315
2025-03-30 19:39:27,410 [INFO] -   resnet: Train Loss=0.3034, Train Acc=94.28%, Val Loss=0.2057, Val Acc=93.96%, ECE=0.0346
2025-03-30 19:39:27,415 [INFO] -   New best model for resnet (Val Acc: 93.96%)
2025-03-30 19:39:27,702 [INFO] -   densenet: Train Loss=0.2771, Train Acc=96.11%, Val Loss=0.1686, Val Acc=95.52%, ECE=0.0334
2025-03-30 19:39:27,703 [INFO] -   student: Train Loss=0.1778, Train Acc=97.86%, Val Loss=0.1504, Val Acc=96.52%, ECE=0.0475
2025-03-30 19:39:27,705 [INFO] - Mutual learning epoch 9 completed in 7825.32s
2025-03-30 19:39:27,706 [INFO] - Mutual Learning Epoch 10/50
2025-03-30 19:39:27,707 [INFO] - Mutual weight: 0.4000, Calibration weight: 0.1333
2025-03-30 19:39:27,709 [INFO] - Current temperatures: {'vit': 4.974104881286621, 'efficientnet': 5.830447673797607, 'inception': 5.748961925506592, 'mobilenet': 5.779464244842529, 'resnet': 5.72531795501709, 'densenet': 5.7653937339782715, 'student': 5.0102057456970215}
2025-03-30 19:39:27,983 [INFO] - GPU cache cleared: 2445.53MB → 2445.53MB (freed 0.00MB)
Training (mutual=0.40, cal=0.13): 100%|██████████| 938/938 [2:07:14<00:00,  8.14s/it, loss=0.359, acc=91.4%]
Validation: 100%|██████████| 105/105 [02:41<00:00,  1.54s/it]
2025-03-30 21:49:23,799 [INFO] -   vit: Train Loss=1.0950, Train Acc=58.41%, Val Loss=1.2250, Val Acc=55.60%, ECE=0.0216
2025-03-30 21:49:23,805 [INFO] -   New best model for vit (Val Acc: 55.60%)
2025-03-30 21:49:24,480 [INFO] -   efficientnet: Train Loss=0.1887, Train Acc=98.05%, Val Loss=0.1294, Val Acc=96.64%, ECE=0.0304
2025-03-30 21:49:24,480 [INFO] -   inception: Train Loss=0.2708, Train Acc=96.06%, Val Loss=0.1778, Val Acc=95.14%, ECE=0.0369
2025-03-30 21:49:24,480 [INFO] -   New best model for inception (Val Acc: 95.14%)
2025-03-30 21:49:24,730 [INFO] -   mobilenet: Train Loss=0.2293, Train Acc=98.24%, Val Loss=0.1464, Val Acc=96.18%, ECE=0.0332
2025-03-30 21:49:24,735 [INFO] -   New best model for mobilenet (Val Acc: 96.18%)
2025-03-30 21:49:24,852 [INFO] -   resnet: Train Loss=0.2899, Train Acc=94.60%, Val Loss=0.2057, Val Acc=93.78%, ECE=0.0279
2025-03-30 21:49:24,852 [INFO] -   densenet: Train Loss=0.2658, Train Acc=96.54%, Val Loss=0.1647, Val Acc=95.38%, ECE=0.0306
2025-03-30 21:49:24,852 [INFO] -   student: Train Loss=0.1750, Train Acc=98.08%, Val Loss=0.1465, Val Acc=96.72%, ECE=0.0475
2025-03-30 21:49:24,862 [INFO] -   New best model for student (Val Acc: 96.72%)
2025-03-30 21:49:33,508 [INFO] - Mutual learning epoch 10 completed in 7805.80s
2025-03-30 21:49:33,515 [INFO] - Mutual Learning Epoch 11/50
2025-03-30 21:49:33,515 [INFO] - Mutual weight: 0.4400, Calibration weight: 0.1467
2025-03-30 21:49:33,515 [INFO] - Current temperatures: {'vit': 4.971604824066162, 'efficientnet': 5.902292728424072, 'inception': 5.7965497970581055, 'mobilenet': 5.851897239685059, 'resnet': 5.785370826721191, 'densenet': 5.830244541168213, 'student': 5.10185432434082}
2025-03-30 21:49:33,761 [INFO] - GPU cache cleared: 2445.04MB → 2445.04MB (freed 0.00MB)
Training (mutual=0.44, cal=0.15): 100%|██████████| 938/938 [1:52:37<00:00,  7.20s/it, loss=0.345, acc=91.6%]
Validation: 100%|██████████| 105/105 [02:10<00:00,  1.24s/it]
2025-03-30 23:44:21,833 [INFO] -   vit: Train Loss=1.0430, Train Acc=58.63%, Val Loss=1.2262, Val Acc=55.48%, ECE=0.0205
2025-03-30 23:44:21,838 [INFO] -   efficientnet: Train Loss=0.1847, Train Acc=98.16%, Val Loss=0.1314, Val Acc=96.70%, ECE=0.0327
2025-03-30 23:44:21,842 [INFO] -   inception: Train Loss=0.2612, Train Acc=96.21%, Val Loss=0.1719, Val Acc=95.52%, ECE=0.0370
2025-03-30 23:44:21,848 [INFO] -   New best model for inception (Val Acc: 95.52%)
2025-03-30 23:44:22,113 [INFO] -   mobilenet: Train Loss=0.2229, Train Acc=98.33%, Val Loss=0.1498, Val Acc=96.30%, ECE=0.0410
2025-03-30 23:44:22,113 [INFO] -   New best model for mobilenet (Val Acc: 96.30%)
2025-03-30 23:44:22,228 [INFO] -   resnet: Train Loss=0.2718, Train Acc=95.13%, Val Loss=0.2095, Val Acc=94.08%, ECE=0.0357
2025-03-30 23:44:22,232 [INFO] -   New best model for resnet (Val Acc: 94.08%)
2025-03-30 23:44:22,469 [INFO] -   densenet: Train Loss=0.2558, Train Acc=96.67%, Val Loss=0.1807, Val Acc=95.08%, ECE=0.0413
2025-03-30 23:44:22,470 [INFO] -   student: Train Loss=0.1731, Train Acc=98.05%, Val Loss=0.1524, Val Acc=96.32%, ECE=0.0513
2025-03-30 23:44:22,470 [INFO] - Mutual learning epoch 11 completed in 6888.96s
2025-03-30 23:44:22,470 [INFO] - Mutual Learning Epoch 12/50
2025-03-30 23:44:22,470 [INFO] - Mutual weight: 0.4800, Calibration weight: 0.1600
2025-03-30 23:44:22,470 [INFO] - Current temperatures: {'vit': 4.969239234924316, 'efficientnet': 5.968461513519287, 'inception': 5.847569465637207, 'mobilenet': 5.91933012008667, 'resnet': 5.845605850219727, 'densenet': 5.89236307144165, 'student': 5.188321590423584}
2025-03-30 23:44:22,844 [INFO] - GPU cache cleared: 2446.71MB → 2446.71MB (freed 0.00MB)
Training (mutual=0.48, cal=0.16): 100%|██████████| 938/938 [2:06:59<00:00,  8.12s/it, loss=0.33, acc=91.9%]
Validation: 100%|██████████| 105/105 [04:16<00:00,  2.44s/it]
2025-03-31 01:55:38,589 [INFO] -   vit: Train Loss=0.9913, Train Acc=58.96%, Val Loss=1.2102, Val Acc=56.56%, ECE=0.0195
2025-03-31 01:55:38,598 [INFO] -   New best model for vit (Val Acc: 56.56%)
2025-03-31 01:55:39,317 [INFO] -   efficientnet: Train Loss=0.1778, Train Acc=98.34%, Val Loss=0.1410, Val Acc=96.44%, ECE=0.0405
2025-03-31 01:55:39,317 [INFO] -   inception: Train Loss=0.2471, Train Acc=96.78%, Val Loss=0.1804, Val Acc=95.26%, ECE=0.0408
2025-03-31 01:55:39,317 [INFO] -   mobilenet: Train Loss=0.2168, Train Acc=98.47%, Val Loss=0.1604, Val Acc=96.14%, ECE=0.0438
2025-03-31 01:55:39,317 [INFO] -   resnet: Train Loss=0.2582, Train Acc=95.46%, Val Loss=0.2160, Val Acc=93.84%, ECE=0.0375
2025-03-31 01:55:39,327 [INFO] -   densenet: Train Loss=0.2516, Train Acc=96.71%, Val Loss=0.1827, Val Acc=95.22%, ECE=0.0405
2025-03-31 01:55:39,327 [INFO] -   student: Train Loss=0.1664, Train Acc=98.38%, Val Loss=0.1623, Val Acc=96.44%, ECE=0.0617
2025-03-31 01:55:39,327 [INFO] - Mutual learning epoch 12 completed in 7876.86s
2025-03-31 01:55:39,327 [INFO] - Mutual Learning Epoch 13/50
2025-03-31 01:55:39,327 [INFO] - Mutual weight: 0.5200, Calibration weight: 0.1733
2025-03-31 01:55:39,332 [INFO] - Current temperatures: {'vit': 4.966963768005371, 'efficientnet': 6.032919883728027, 'inception': 5.903419494628906, 'mobilenet': 5.98568058013916, 'resnet': 5.902023792266846, 'densenet': 5.947507381439209, 'student': 5.271348476409912}
2025-03-31 01:55:39,587 [INFO] - GPU cache cleared: 2451.34MB → 2451.34MB (freed 0.00MB)
Training (mutual=0.52, cal=0.17): 100%|██████████| 938/938 [1:52:57<00:00,  7.23s/it, loss=0.317, acc=92.1%]
Validation: 100%|██████████| 105/105 [03:45<00:00,  2.14s/it]
2025-03-31 03:52:22,498 [INFO] -   vit: Train Loss=0.9381, Train Acc=59.26%, Val Loss=1.2062, Val Acc=56.74%, ECE=0.0182
2025-03-31 03:52:22,511 [INFO] -   New best model for vit (Val Acc: 56.74%)
2025-03-31 03:52:23,236 [INFO] -   efficientnet: Train Loss=0.1754, Train Acc=98.44%, Val Loss=0.1395, Val Acc=96.64%, ECE=0.0393
2025-03-31 03:52:23,236 [INFO] -   inception: Train Loss=0.2394, Train Acc=96.96%, Val Loss=0.1891, Val Acc=95.06%, ECE=0.0394
2025-03-31 03:52:23,236 [INFO] -   mobilenet: Train Loss=0.2126, Train Acc=98.54%, Val Loss=0.1611, Val Acc=95.74%, ECE=0.0463
2025-03-31 03:52:23,243 [INFO] -   resnet: Train Loss=0.2518, Train Acc=95.63%, Val Loss=0.2068, Val Acc=94.62%, ECE=0.0445
2025-03-31 03:52:23,245 [INFO] -   New best model for resnet (Val Acc: 94.62%)
2025-03-31 03:52:23,524 [INFO] -   densenet: Train Loss=0.2384, Train Acc=97.12%, Val Loss=0.1704, Val Acc=95.96%, ECE=0.0424
2025-03-31 03:52:23,526 [INFO] -   New best model for densenet (Val Acc: 95.96%)
2025-03-31 03:52:23,695 [INFO] -   student: Train Loss=0.1645, Train Acc=98.43%, Val Loss=0.1565, Val Acc=96.80%, ECE=0.0617
2025-03-31 03:52:23,700 [INFO] -   New best model for student (Val Acc: 96.80%)
2025-03-31 03:52:23,825 [INFO] - Mutual learning epoch 13 completed in 7004.50s
2025-03-31 03:52:23,825 [INFO] - Mutual Learning Epoch 14/50
2025-03-31 03:52:23,825 [INFO] - Mutual weight: 0.5600, Calibration weight: 0.1867
2025-03-31 03:52:23,825 [INFO] - Current temperatures: {'vit': 4.9648613929748535, 'efficientnet': 6.090721130371094, 'inception': 5.954287052154541, 'mobilenet': 6.046170234680176, 'resnet': 5.952172756195068, 'densenet': 6.0040974617004395, 'student': 5.348907470703125}
2025-03-31 03:52:24,100 [INFO] - GPU cache cleared: 2444.42MB → 2444.42MB (freed 0.00MB)
Training (mutual=0.56, cal=0.19): 100%|██████████| 938/938 [1:51:06<00:00,  7.11s/it, loss=0.302, acc=92.3%]
Validation: 100%|██████████| 105/105 [03:25<00:00,  1.96s/it]
2025-03-31 05:46:55,913 [INFO] -   vit: Train Loss=0.8875, Train Acc=59.41%, Val Loss=1.2084, Val Acc=56.78%, ECE=0.0179
2025-03-31 05:46:55,919 [INFO] -   New best model for vit (Val Acc: 56.78%)
2025-03-31 05:46:56,642 [INFO] -   efficientnet: Train Loss=0.1670, Train Acc=98.71%, Val Loss=0.1435, Val Acc=96.88%, ECE=0.0482
2025-03-31 05:46:56,649 [INFO] -   New best model for efficientnet (Val Acc: 96.88%)
2025-03-31 05:46:56,764 [INFO] -   inception: Train Loss=0.2281, Train Acc=97.27%, Val Loss=0.1862, Val Acc=95.58%, ECE=0.0514
2025-03-31 05:46:56,767 [INFO] -   New best model for inception (Val Acc: 95.58%)
2025-03-31 05:46:57,067 [INFO] -   mobilenet: Train Loss=0.2036, Train Acc=98.75%, Val Loss=0.1727, Val Acc=95.92%, ECE=0.0555
2025-03-31 05:46:57,069 [INFO] -   resnet: Train Loss=0.2366, Train Acc=96.02%, Val Loss=0.2063, Val Acc=94.66%, ECE=0.0497
2025-03-31 05:46:57,069 [INFO] -   New best model for resnet (Val Acc: 94.66%)
2025-03-31 05:46:57,322 [INFO] -   densenet: Train Loss=0.2297, Train Acc=97.30%, Val Loss=0.1798, Val Acc=95.60%, ECE=0.0504
2025-03-31 05:46:57,322 [INFO] -   student: Train Loss=0.1582, Train Acc=98.63%, Val Loss=0.1588, Val Acc=96.94%, ECE=0.0676
2025-03-31 05:46:57,332 [INFO] -   New best model for student (Val Acc: 96.94%)
2025-03-31 05:46:57,449 [INFO] - Mutual learning epoch 14 completed in 6873.62s
2025-03-31 05:46:57,449 [INFO] - Mutual Learning Epoch 15/50
2025-03-31 05:46:57,449 [INFO] - Mutual weight: 0.6000, Calibration weight: 0.2000
2025-03-31 05:46:57,449 [INFO] - Current temperatures: {'vit': 4.962864875793457, 'efficientnet': 6.14618444442749, 'inception': 6.006397724151611, 'mobilenet': 6.103635311126709, 'resnet': 6.004146575927734, 'densenet': 6.056589126586914, 'student': 5.421834468841553}
2025-03-31 05:46:57,745 [INFO] - GPU cache cleared: 2447.27MB → 2447.27MB (freed 0.00MB)
Training (mutual=0.60, cal=0.20): 100%|██████████| 938/938 [1:54:23<00:00,  7.32s/it, loss=0.289, acc=92.4%]
Validation: 100%|██████████| 105/105 [03:16<00:00,  1.87s/it]
2025-03-31 07:44:37,239 [INFO] -   vit: Train Loss=0.8389, Train Acc=59.51%, Val Loss=1.1994, Val Acc=57.40%, ECE=0.0188
2025-03-31 07:44:37,247 [INFO] -   New best model for vit (Val Acc: 57.40%)
2025-03-31 07:44:37,945 [INFO] -   efficientnet: Train Loss=0.1639, Train Acc=98.72%, Val Loss=0.1464, Val Acc=96.98%, ECE=0.0555
2025-03-31 07:44:37,953 [INFO] -   New best model for efficientnet (Val Acc: 96.98%)
2025-03-31 07:44:38,067 [INFO] -   inception: Train Loss=0.2209, Train Acc=97.38%, Val Loss=0.2002, Val Acc=95.40%, ECE=0.0601
2025-03-31 07:44:38,067 [INFO] -   mobilenet: Train Loss=0.1999, Train Acc=98.83%, Val Loss=0.1666, Val Acc=96.34%, ECE=0.0609
2025-03-31 07:44:38,075 [INFO] -   New best model for mobilenet (Val Acc: 96.34%)
2025-03-31 07:44:38,179 [INFO] -   resnet: Train Loss=0.2247, Train Acc=96.32%, Val Loss=0.2005, Val Acc=95.22%, ECE=0.0519
2025-03-31 07:44:38,183 [INFO] -   New best model for resnet (Val Acc: 95.22%)
2025-03-31 07:44:38,498 [INFO] -   densenet: Train Loss=0.2201, Train Acc=97.60%, Val Loss=0.1810, Val Acc=95.98%, ECE=0.0571
2025-03-31 07:44:38,503 [INFO] -   New best model for densenet (Val Acc: 95.98%)
2025-03-31 07:44:38,690 [INFO] -   student: Train Loss=0.1552, Train Acc=98.61%, Val Loss=0.1730, Val Acc=97.00%, ECE=0.0793
2025-03-31 07:44:38,695 [INFO] -   New best model for student (Val Acc: 97.00%)
2025-03-31 07:44:38,814 [INFO] - Mutual learning epoch 15 completed in 7061.36s
2025-03-31 07:44:38,814 [INFO] - Mutual Learning Epoch 16/50
2025-03-31 07:44:38,814 [INFO] - Mutual weight: 0.6000, Calibration weight: 0.2000
2025-03-31 07:44:38,814 [INFO] - Current temperatures: {'vit': 4.960986614227295, 'efficientnet': 6.198797225952148, 'inception': 6.055327415466309, 'mobilenet': 6.156865119934082, 'resnet': 6.056190013885498, 'densenet': 6.107991695404053, 'student': 5.490189552307129}
2025-03-31 07:44:39,108 [INFO] - GPU cache cleared: 2445.56MB → 2445.56MB (freed 0.00MB)
Training (mutual=0.60, cal=0.20): 100%|██████████| 938/938 [1:56:50<00:00,  7.47s/it, loss=0.284, acc=92.5%]
Validation: 100%|██████████| 105/105 [03:13<00:00,  1.85s/it]
2025-03-31 09:44:43,754 [INFO] -   vit: Train Loss=0.8224, Train Acc=60.06%, Val Loss=1.2042, Val Acc=57.00%, ECE=0.0203
2025-03-31 09:44:43,756 [INFO] -   efficientnet: Train Loss=0.1604, Train Acc=98.70%, Val Loss=0.1497, Val Acc=96.84%, ECE=0.0533
2025-03-31 09:44:43,759 [INFO] -   inception: Train Loss=0.2171, Train Acc=97.41%, Val Loss=0.1988, Val Acc=95.44%, ECE=0.0599
2025-03-31 09:44:43,761 [INFO] -   mobilenet: Train Loss=0.1962, Train Acc=98.78%, Val Loss=0.1666, Val Acc=96.26%, ECE=0.0606
2025-03-31 09:44:43,763 [INFO] -   resnet: Train Loss=0.2203, Train Acc=96.46%, Val Loss=0.2143, Val Acc=94.94%, ECE=0.0558
2025-03-31 09:44:43,764 [INFO] -   densenet: Train Loss=0.2181, Train Acc=97.52%, Val Loss=0.1940, Val Acc=95.24%, ECE=0.0562
2025-03-31 09:44:43,768 [INFO] -   student: Train Loss=0.1518, Train Acc=98.68%, Val Loss=0.1700, Val Acc=97.08%, ECE=0.0809
2025-03-31 09:44:43,775 [INFO] -   New best model for student (Val Acc: 97.08%)
2025-03-31 09:44:43,918 [INFO] - Mutual learning epoch 16 completed in 7205.10s
2025-03-31 09:44:43,918 [INFO] - Mutual Learning Epoch 17/50
2025-03-31 09:44:43,924 [INFO] - Mutual weight: 0.6000, Calibration weight: 0.2000
2025-03-31 09:44:43,925 [INFO] - Current temperatures: {'vit': 4.959236145019531, 'efficientnet': 6.248796463012695, 'inception': 6.1041460037231445, 'mobilenet': 6.208027362823486, 'resnet': 6.1033806800842285, 'densenet': 6.155068397521973, 'student': 5.554386138916016}
Training (mutual=0.60, cal=0.20): 100%|██████████| 938/938 [1:57:05<00:00,  7.49s/it, loss=0.28, acc=92.7%] 
Validation: 100%|██████████| 105/105 [01:51<00:00,  1.06s/it]
2025-03-31 11:43:40,881 [INFO] -   vit: Train Loss=0.8116, Train Acc=60.46%, Val Loss=1.2001, Val Acc=57.50%, ECE=0.0175
2025-03-31 11:43:40,891 [INFO] -   New best model for vit (Val Acc: 57.50%)
2025-03-31 11:43:41,771 [INFO] -   efficientnet: Train Loss=0.1573, Train Acc=98.85%, Val Loss=0.1506, Val Acc=96.70%, ECE=0.0517
2025-03-31 11:43:41,771 [INFO] -   inception: Train Loss=0.2128, Train Acc=97.68%, Val Loss=0.1903, Val Acc=95.24%, ECE=0.0498
2025-03-31 11:43:41,771 [INFO] -   mobilenet: Train Loss=0.1928, Train Acc=98.93%, Val Loss=0.1664, Val Acc=96.36%, ECE=0.0566
2025-03-31 11:43:41,776 [INFO] -   New best model for mobilenet (Val Acc: 96.36%)
2025-03-31 11:43:42,293 [INFO] -   resnet: Train Loss=0.2152, Train Acc=96.76%, Val Loss=0.2109, Val Acc=94.76%, ECE=0.0478
2025-03-31 11:43:42,301 [INFO] -   densenet: Train Loss=0.2181, Train Acc=97.37%, Val Loss=0.1941, Val Acc=95.42%, ECE=0.0511
2025-03-31 11:43:42,301 [INFO] -   student: Train Loss=0.1492, Train Acc=98.72%, Val Loss=0.1764, Val Acc=96.84%, ECE=0.0780
2025-03-31 11:43:42,303 [INFO] - Mutual learning epoch 17 completed in 7138.39s
2025-03-31 11:43:42,303 [INFO] - Mutual Learning Epoch 18/50
2025-03-31 11:43:42,303 [INFO] - Mutual weight: 0.6000, Calibration weight: 0.2000
2025-03-31 11:43:42,303 [INFO] - Current temperatures: {'vit': 4.957590579986572, 'efficientnet': 6.2967529296875, 'inception': 6.148577690124512, 'mobilenet': 6.256913185119629, 'resnet': 6.1483683586120605, 'densenet': 6.194669723510742, 'student': 5.616356372833252}
2025-03-31 11:43:42,587 [INFO] - GPU cache cleared: 2446.79MB → 2446.79MB (freed 0.00MB)
Training (mutual=0.60, cal=0.20): 100%|██████████| 938/938 [2:00:55<00:00,  7.74s/it, loss=0.276, acc=92.7%]
Validation: 100%|██████████| 105/105 [02:22<00:00,  1.36s/it]
2025-03-31 13:47:00,823 [INFO] -   vit: Train Loss=0.8034, Train Acc=60.66%, Val Loss=1.1901, Val Acc=57.60%, ECE=0.0162
2025-03-31 13:47:00,829 [INFO] -   New best model for vit (Val Acc: 57.60%)
2025-03-31 13:47:01,512 [INFO] -   efficientnet: Train Loss=0.1566, Train Acc=98.75%, Val Loss=0.1453, Val Acc=96.92%, ECE=0.0505
2025-03-31 13:47:01,512 [INFO] -   inception: Train Loss=0.2117, Train Acc=97.57%, Val Loss=0.1864, Val Acc=95.50%, ECE=0.0568
2025-03-31 13:47:01,512 [INFO] -   mobilenet: Train Loss=0.1910, Train Acc=98.86%, Val Loss=0.1652, Val Acc=96.42%, ECE=0.0546
2025-03-31 13:47:01,519 [INFO] -   New best model for mobilenet (Val Acc: 96.42%)
2025-03-31 13:47:01,629 [INFO] -   resnet: Train Loss=0.2126, Train Acc=96.74%, Val Loss=0.2001, Val Acc=95.20%, ECE=0.0524
2025-03-31 13:47:01,632 [INFO] -   densenet: Train Loss=0.2096, Train Acc=97.78%, Val Loss=0.1879, Val Acc=95.30%, ECE=0.0531
2025-03-31 13:47:01,632 [INFO] -   student: Train Loss=0.1484, Train Acc=98.70%, Val Loss=0.1637, Val Acc=96.90%, ECE=0.0732
2025-03-31 13:47:01,632 [INFO] - Mutual learning epoch 18 completed in 7399.33s
2025-03-31 13:47:01,632 [INFO] - Mutual Learning Epoch 19/50
2025-03-31 13:47:01,632 [INFO] - Mutual weight: 0.6000, Calibration weight: 0.2000
2025-03-31 13:47:01,639 [INFO] - Current temperatures: {'vit': 4.956936836242676, 'efficientnet': 6.304076194763184, 'inception': 6.151226997375488, 'mobilenet': 6.268160820007324, 'resnet': 6.1476664543151855, 'densenet': 6.19636344909668, 'student': 5.662326335906982}
2025-03-31 13:47:01,916 [INFO] - GPU cache cleared: 2445.18MB → 2445.18MB (freed 0.00MB)
Training (mutual=0.60, cal=0.20): 100%|██████████| 938/938 [1:52:37<00:00,  7.20s/it, loss=0.274, acc=92.7%]
Validation: 100%|██████████| 105/105 [02:54<00:00,  1.67s/it]
2025-03-31 15:42:33,906 [INFO] -   vit: Train Loss=0.7972, Train Acc=60.77%, Val Loss=1.1876, Val Acc=58.00%, ECE=0.0189
2025-03-31 15:42:33,912 [INFO] -   New best model for vit (Val Acc: 58.00%)
2025-03-31 15:42:34,632 [INFO] -   efficientnet: Train Loss=0.1555, Train Acc=98.70%, Val Loss=0.1460, Val Acc=97.08%, ECE=0.0538
2025-03-31 15:42:34,636 [INFO] -   New best model for efficientnet (Val Acc: 97.08%)
2025-03-31 15:42:34,751 [INFO] -   inception: Train Loss=0.2087, Train Acc=97.73%, Val Loss=0.1899, Val Acc=95.40%, ECE=0.0541
2025-03-31 15:42:34,751 [INFO] -   mobilenet: Train Loss=0.1898, Train Acc=98.85%, Val Loss=0.1664, Val Acc=96.32%, ECE=0.0545
2025-03-31 15:42:34,754 [INFO] -   resnet: Train Loss=0.2108, Train Acc=96.69%, Val Loss=0.2113, Val Acc=94.78%, ECE=0.0487
2025-03-31 15:42:34,756 [INFO] -   densenet: Train Loss=0.2070, Train Acc=97.78%, Val Loss=0.1959, Val Acc=95.38%, ECE=0.0569
2025-03-31 15:42:34,756 [INFO] -   student: Train Loss=0.1460, Train Acc=98.68%, Val Loss=0.1694, Val Acc=96.86%, ECE=0.0715
2025-03-31 15:42:34,756 [INFO] - Mutual learning epoch 19 completed in 6933.12s
2025-03-31 15:42:34,756 [INFO] - Mutual Learning Epoch 20/50
2025-03-31 15:42:34,756 [INFO] - Mutual weight: 0.6000, Calibration weight: 0.2000
2025-03-31 15:42:34,764 [INFO] - Current temperatures: {'vit': 4.956627368927002, 'efficientnet': 6.30299186706543, 'inception': 6.14939546585083, 'mobilenet': 6.271629810333252, 'resnet': 6.140398025512695, 'densenet': 6.19165563583374, 'student': 5.703344821929932}
2025-03-31 15:42:35,031 [INFO] - GPU cache cleared: 2444.71MB → 2444.71MB (freed 0.00MB)
Training (mutual=0.60, cal=0.20): 100%|██████████| 938/938 [1:48:31<00:00,  6.94s/it, loss=0.271, acc=92.9%]
Validation: 100%|██████████| 105/105 [03:51<00:00,  2.21s/it]
2025-03-31 17:34:58,232 [INFO] -   vit: Train Loss=0.7920, Train Acc=61.21%, Val Loss=1.1853, Val Acc=57.76%, ECE=0.0197
2025-03-31 17:34:58,233 [INFO] -   efficientnet: Train Loss=0.1546, Train Acc=98.68%, Val Loss=0.1471, Val Acc=96.98%, ECE=0.0519
2025-03-31 17:34:58,235 [INFO] -   inception: Train Loss=0.2073, Train Acc=97.80%, Val Loss=0.1936, Val Acc=95.50%, ECE=0.0584
2025-03-31 17:34:58,237 [INFO] -   mobilenet: Train Loss=0.1878, Train Acc=98.89%, Val Loss=0.1662, Val Acc=96.16%, ECE=0.0523
2025-03-31 17:34:58,240 [INFO] -   resnet: Train Loss=0.2073, Train Acc=96.93%, Val Loss=0.2119, Val Acc=95.02%, ECE=0.0508
2025-03-31 17:34:58,243 [INFO] -   densenet: Train Loss=0.2048, Train Acc=97.93%, Val Loss=0.1885, Val Acc=95.56%, ECE=0.0535
2025-03-31 17:34:58,245 [INFO] -   student: Train Loss=0.1456, Train Acc=98.71%, Val Loss=0.1698, Val Acc=96.64%, ECE=0.0709
2025-03-31 17:35:00,452 [INFO] - Mutual learning epoch 20 completed in 6745.70s
2025-03-31 17:35:00,452 [INFO] - Mutual Learning Epoch 21/50
2025-03-31 17:35:00,452 [INFO] - Mutual weight: 0.6000, Calibration weight: 0.2000
2025-03-31 17:35:00,452 [INFO] - Current temperatures: {'vit': 4.956321716308594, 'efficientnet': 6.305368900299072, 'inception': 6.14829683303833, 'mobilenet': 6.275966167449951, 'resnet': 6.13931131362915, 'densenet': 6.189357757568359, 'student': 5.741439342498779}
2025-03-31 17:35:00,737 [INFO] - GPU cache cleared: 2444.16MB → 2444.16MB (freed 0.00MB)
Training (mutual=0.60, cal=0.20): 100%|██████████| 938/938 [1:56:07<00:00,  7.43s/it, loss=0.268, acc=92.9%]
Validation: 100%|██████████| 105/105 [04:08<00:00,  2.37s/it]
2025-03-31 19:35:17,177 [INFO] -   vit: Train Loss=0.7900, Train Acc=61.02%, Val Loss=1.1781, Val Acc=58.04%, ECE=0.0191
2025-03-31 19:35:17,184 [INFO] -   New best model for vit (Val Acc: 58.04%)
2025-03-31 19:35:18,055 [INFO] -   efficientnet: Train Loss=0.1516, Train Acc=98.77%, Val Loss=0.1493, Val Acc=96.72%, ECE=0.0530
2025-03-31 19:35:18,055 [INFO] -   inception: Train Loss=0.2034, Train Acc=97.93%, Val Loss=0.1840, Val Acc=95.88%, ECE=0.0547
2025-03-31 19:35:18,062 [INFO] -   New best model for inception (Val Acc: 95.88%)
2025-03-31 19:35:18,395 [INFO] -   mobilenet: Train Loss=0.1851, Train Acc=98.91%, Val Loss=0.1669, Val Acc=96.18%, ECE=0.0541
2025-03-31 19:35:18,395 [INFO] -   resnet: Train Loss=0.2033, Train Acc=97.06%, Val Loss=0.2146, Val Acc=94.52%, ECE=0.0472
2025-03-31 19:35:18,402 [INFO] -   densenet: Train Loss=0.2008, Train Acc=98.00%, Val Loss=0.1831, Val Acc=95.66%, ECE=0.0505
2025-03-31 19:35:18,405 [INFO] -   student: Train Loss=0.1431, Train Acc=98.81%, Val Loss=0.1672, Val Acc=96.88%, ECE=0.0699
2025-03-31 19:35:18,405 [INFO] - Mutual learning epoch 21 completed in 7217.95s
2025-03-31 19:35:18,405 [INFO] - Mutual Learning Epoch 22/50
2025-03-31 19:35:18,405 [INFO] - Mutual weight: 0.6000, Calibration weight: 0.2000
2025-03-31 19:35:18,405 [INFO] - Current temperatures: {'vit': 4.956027507781982, 'efficientnet': 6.306436538696289, 'inception': 6.151725769042969, 'mobilenet': 6.280742168426514, 'resnet': 6.140357494354248, 'densenet': 6.1904072761535645, 'student': 5.7770562171936035}
2025-03-31 19:35:18,675 [INFO] - GPU cache cleared: 2444.58MB → 2444.58MB (freed 0.00MB)
Training (mutual=0.60, cal=0.20): 100%|██████████| 938/938 [2:14:11<00:00,  8.58s/it, loss=0.264, acc=93.1%]
Validation: 100%|██████████| 105/105 [03:25<00:00,  1.96s/it]
2025-03-31 21:52:56,436 [INFO] -   vit: Train Loss=0.7844, Train Acc=61.84%, Val Loss=1.1725, Val Acc=58.46%, ECE=0.0163
2025-03-31 21:52:56,452 [INFO] -   New best model for vit (Val Acc: 58.46%)
2025-03-31 21:52:57,250 [INFO] -   efficientnet: Train Loss=0.1483, Train Acc=98.85%, Val Loss=0.1444, Val Acc=97.28%, ECE=0.0573
2025-03-31 21:52:57,255 [INFO] -   New best model for efficientnet (Val Acc: 97.28%)
2025-03-31 21:52:57,380 [INFO] -   inception: Train Loss=0.1974, Train Acc=98.15%, Val Loss=0.2014, Val Acc=95.38%, ECE=0.0536
2025-03-31 21:52:57,380 [INFO] -   mobilenet: Train Loss=0.1819, Train Acc=99.01%, Val Loss=0.1798, Val Acc=95.80%, ECE=0.0473
2025-03-31 21:52:57,390 [INFO] -   resnet: Train Loss=0.1971, Train Acc=97.28%, Val Loss=0.2170, Val Acc=94.96%, ECE=0.0544
2025-03-31 21:52:57,390 [INFO] -   densenet: Train Loss=0.1972, Train Acc=98.05%, Val Loss=0.1887, Val Acc=95.84%, ECE=0.0512
2025-03-31 21:52:57,390 [INFO] -   student: Train Loss=0.1404, Train Acc=98.86%, Val Loss=0.1630, Val Acc=96.82%, ECE=0.0668
2025-03-31 21:52:57,390 [INFO] - Mutual learning epoch 22 completed in 8258.98s
2025-03-31 21:52:57,390 [INFO] - Mutual Learning Epoch 23/50
2025-03-31 21:52:57,390 [INFO] - Mutual weight: 0.6000, Calibration weight: 0.2000
2025-03-31 21:52:57,420 [INFO] - Current temperatures: {'vit': 4.955681800842285, 'efficientnet': 6.310364723205566, 'inception': 6.157419681549072, 'mobilenet': 6.286093711853027, 'resnet': 6.1469855308532715, 'densenet': 6.193866729736328, 'student': 5.810509204864502}
2025-03-31 21:52:57,769 [INFO] - GPU cache cleared: 2443.42MB → 2443.42MB (freed 0.00MB)
Training (mutual=0.60, cal=0.20): 100%|██████████| 938/938 [2:06:00<00:00,  8.06s/it, loss=0.262, acc=93.2%]
Validation: 100%|██████████| 105/105 [02:42<00:00,  1.55s/it]
2025-04-01 00:01:40,628 [INFO] -   vit: Train Loss=0.7780, Train Acc=61.95%, Val Loss=1.1648, Val Acc=58.60%, ECE=0.0189
2025-04-01 00:01:40,645 [INFO] -   New best model for vit (Val Acc: 58.60%)
2025-04-01 00:01:41,273 [INFO] -   efficientnet: Train Loss=0.1471, Train Acc=98.91%, Val Loss=0.1453, Val Acc=96.90%, ECE=0.0499
2025-04-01 00:01:41,273 [INFO] -   inception: Train Loss=0.1955, Train Acc=98.20%, Val Loss=0.1877, Val Acc=95.94%, ECE=0.0555
2025-04-01 00:01:41,282 [INFO] -   New best model for inception (Val Acc: 95.94%)
2025-04-01 00:01:41,512 [INFO] -   mobilenet: Train Loss=0.1805, Train Acc=99.03%, Val Loss=0.1634, Val Acc=96.36%, ECE=0.0522
2025-04-01 00:01:41,513 [INFO] -   resnet: Train Loss=0.1956, Train Acc=97.35%, Val Loss=0.2113, Val Acc=94.72%, ECE=0.0505
2025-04-01 00:01:41,513 [INFO] -   densenet: Train Loss=0.1955, Train Acc=98.03%, Val Loss=0.1835, Val Acc=96.02%, ECE=0.0514
2025-04-01 00:01:41,522 [INFO] -   New best model for densenet (Val Acc: 96.02%)
2025-04-01 00:01:41,705 [INFO] -   student: Train Loss=0.1398, Train Acc=98.86%, Val Loss=0.1628, Val Acc=96.78%, ECE=0.0627
2025-04-01 00:01:41,705 [INFO] - Mutual learning epoch 23 completed in 7724.32s
2025-04-01 00:01:41,705 [INFO] - Mutual Learning Epoch 24/50
2025-04-01 00:01:41,712 [INFO] - Mutual weight: 0.6000, Calibration weight: 0.2000
2025-04-01 00:01:41,715 [INFO] - Current temperatures: {'vit': 4.955401420593262, 'efficientnet': 6.314581871032715, 'inception': 6.1632490158081055, 'mobilenet': 6.2920756340026855, 'resnet': 6.152327537536621, 'densenet': 6.19687032699585, 'student': 5.841635227203369}
2025-04-01 00:01:41,966 [INFO] - GPU cache cleared: 2447.53MB → 2447.53MB (freed 0.00MB)
Training (mutual=0.60, cal=0.20): 100%|██████████| 938/938 [1:49:11<00:00,  6.98s/it, loss=0.258, acc=93.3%]
Validation: 100%|██████████| 105/105 [03:04<00:00,  1.76s/it]
2025-04-01 01:53:57,832 [INFO] -   vit: Train Loss=0.7748, Train Acc=62.06%, Val Loss=1.1640, Val Acc=59.02%, ECE=0.0190
2025-04-01 01:53:57,838 [INFO] -   New best model for vit (Val Acc: 59.02%)
2025-04-01 01:53:58,577 [INFO] -   efficientnet: Train Loss=0.1448, Train Acc=98.89%, Val Loss=0.1457, Val Acc=96.94%, ECE=0.0486
2025-04-01 01:53:58,577 [INFO] -   inception: Train Loss=0.1934, Train Acc=98.19%, Val Loss=0.1896, Val Acc=95.66%, ECE=0.0490
2025-04-01 01:53:58,577 [INFO] -   mobilenet: Train Loss=0.1765, Train Acc=99.12%, Val Loss=0.1616, Val Acc=96.46%, ECE=0.0503
2025-04-01 01:53:58,588 [INFO] -   New best model for mobilenet (Val Acc: 96.46%)
2025-04-01 01:53:58,714 [INFO] -   resnet: Train Loss=0.1874, Train Acc=97.68%, Val Loss=0.1972, Val Acc=95.18%, ECE=0.0484
2025-04-01 01:53:58,717 [INFO] -   densenet: Train Loss=0.1885, Train Acc=98.41%, Val Loss=0.1783, Val Acc=96.18%, ECE=0.0550
2025-04-01 01:53:58,717 [INFO] -   New best model for densenet (Val Acc: 96.18%)
2025-04-01 01:53:58,999 [INFO] -   student: Train Loss=0.1377, Train Acc=98.91%, Val Loss=0.1620, Val Acc=97.06%, ECE=0.0675
2025-04-01 01:53:58,999 [INFO] - Mutual learning epoch 24 completed in 6737.29s
2025-04-01 01:53:58,999 [INFO] - Mutual Learning Epoch 25/50
2025-04-01 01:53:58,999 [INFO] - Mutual weight: 0.6000, Calibration weight: 0.2000
2025-04-01 01:53:58,999 [INFO] - Current temperatures: {'vit': 4.955089569091797, 'efficientnet': 6.31821870803833, 'inception': 6.169696807861328, 'mobilenet': 6.299089431762695, 'resnet': 6.162939548492432, 'densenet': 6.206345558166504, 'student': 5.870809555053711}
2025-04-01 01:53:59,298 [INFO] - GPU cache cleared: 2442.56MB → 2442.56MB (freed 0.00MB)
Training (mutual=0.60, cal=0.20): 100%|██████████| 938/938 [1:52:13<00:00,  7.18s/it, loss=0.256, acc=93.4%]
Validation: 100%|██████████| 105/105 [01:54<00:00,  1.09s/it]
2025-04-01 03:48:07,844 [INFO] -   vit: Train Loss=0.7717, Train Acc=62.02%, Val Loss=1.1636, Val Acc=58.36%, ECE=0.0262
2025-04-01 03:48:07,845 [INFO] -   efficientnet: Train Loss=0.1419, Train Acc=99.04%, Val Loss=0.1474, Val Acc=96.94%, ECE=0.0520
2025-04-01 03:48:07,848 [INFO] -   inception: Train Loss=0.1926, Train Acc=98.25%, Val Loss=0.1842, Val Acc=96.04%, ECE=0.0547
2025-04-01 03:48:07,854 [INFO] -   New best model for inception (Val Acc: 96.04%)
2025-04-01 03:48:08,156 [INFO] -   mobilenet: Train Loss=0.1747, Train Acc=99.14%, Val Loss=0.1621, Val Acc=96.32%, ECE=0.0508
2025-04-01 03:48:08,156 [INFO] -   resnet: Train Loss=0.1855, Train Acc=97.72%, Val Loss=0.2064, Val Acc=94.70%, ECE=0.0506
2025-04-01 03:48:08,161 [INFO] -   densenet: Train Loss=0.1876, Train Acc=98.38%, Val Loss=0.1805, Val Acc=95.80%, ECE=0.0488
2025-04-01 03:48:08,161 [INFO] -   student: Train Loss=0.1361, Train Acc=98.95%, Val Loss=0.1568, Val Acc=96.90%, ECE=0.0616
2025-04-01 03:48:08,166 [INFO] - Mutual learning epoch 25 completed in 6849.17s
2025-04-01 03:48:08,166 [INFO] - Mutual Learning Epoch 26/50
2025-04-01 03:48:08,166 [INFO] - Mutual weight: 0.6000, Calibration weight: 0.2000
2025-04-01 03:48:08,166 [INFO] - Current temperatures: {'vit': 4.954763412475586, 'efficientnet': 6.3251752853393555, 'inception': 6.175938129425049, 'mobilenet': 6.3066630363464355, 'resnet': 6.1728057861328125, 'densenet': 6.212997913360596, 'student': 5.898502826690674}
2025-04-01 03:48:08,452 [INFO] - GPU cache cleared: 2443.35MB → 2443.35MB (freed 0.00MB)
Training (mutual=0.60, cal=0.20): 100%|██████████| 938/938 [1:55:38<00:00,  7.40s/it, loss=0.252, acc=93.5%]
Validation: 100%|██████████| 105/105 [02:52<00:00,  1.64s/it]
2025-04-01 05:46:38,500 [INFO] -   vit: Train Loss=0.7663, Train Acc=62.61%, Val Loss=1.1564, Val Acc=59.26%, ECE=0.0336
2025-04-01 05:46:38,510 [INFO] -   New best model for vit (Val Acc: 59.26%)
2025-04-01 05:46:39,187 [INFO] -   efficientnet: Train Loss=0.1393, Train Acc=99.08%, Val Loss=0.1541, Val Acc=96.86%, ECE=0.0499
2025-04-01 05:46:39,187 [INFO] -   inception: Train Loss=0.1893, Train Acc=98.36%, Val Loss=0.1845, Val Acc=95.90%, ECE=0.0517
2025-04-01 05:46:39,194 [INFO] -   mobilenet: Train Loss=0.1708, Train Acc=99.32%, Val Loss=0.1658, Val Acc=96.24%, ECE=0.0484
2025-04-01 05:46:39,198 [INFO] -   resnet: Train Loss=0.1822, Train Acc=97.95%, Val Loss=0.1945, Val Acc=95.36%, ECE=0.0509
2025-04-01 05:46:39,198 [INFO] -   New best model for resnet (Val Acc: 95.36%)
2025-04-01 05:46:39,509 [INFO] -   densenet: Train Loss=0.1840, Train Acc=98.54%, Val Loss=0.1876, Val Acc=95.78%, ECE=0.0459
2025-04-01 05:46:39,509 [INFO] -   student: Train Loss=0.1339, Train Acc=98.98%, Val Loss=0.1551, Val Acc=97.12%, ECE=0.0652
2025-04-01 05:46:39,509 [INFO] -   New best model for student (Val Acc: 97.12%)
2025-04-01 05:46:39,632 [INFO] - Mutual learning epoch 26 completed in 7111.47s
2025-04-01 05:46:39,632 [INFO] - Mutual Learning Epoch 27/50
2025-04-01 05:46:39,634 [INFO] - Mutual weight: 0.6000, Calibration weight: 0.2000
2025-04-01 05:46:39,634 [INFO] - Current temperatures: {'vit': 4.954558372497559, 'efficientnet': 6.332557201385498, 'inception': 6.181384563446045, 'mobilenet': 6.3140482902526855, 'resnet': 6.182322025299072, 'densenet': 6.220242023468018, 'student': 5.923575401306152}
2025-04-01 05:46:39,958 [INFO] - GPU cache cleared: 2443.23MB → 2443.23MB (freed 0.00MB)
Training (mutual=0.60, cal=0.20): 100%|██████████| 938/938 [1:58:49<00:00,  7.60s/it, loss=0.248, acc=93.7%]
Validation: 100%|██████████| 105/105 [01:51<00:00,  1.06s/it]
2025-04-01 07:47:21,384 [INFO] -   vit: Train Loss=0.7614, Train Acc=62.92%, Val Loss=1.1487, Val Acc=59.06%, ECE=0.0254
2025-04-01 07:47:21,391 [INFO] -   efficientnet: Train Loss=0.1371, Train Acc=99.11%, Val Loss=0.1359, Val Acc=97.18%, ECE=0.0494
2025-04-01 07:47:21,394 [INFO] -   inception: Train Loss=0.1827, Train Acc=98.63%, Val Loss=0.1729, Val Acc=96.08%, ECE=0.0528
2025-04-01 07:47:21,401 [INFO] -   New best model for inception (Val Acc: 96.08%)
2025-04-01 07:47:21,735 [INFO] -   mobilenet: Train Loss=0.1690, Train Acc=99.28%, Val Loss=0.1675, Val Acc=96.06%, ECE=0.0471
2025-04-01 07:47:21,736 [INFO] -   resnet: Train Loss=0.1752, Train Acc=98.16%, Val Loss=0.2016, Val Acc=95.30%, ECE=0.0489
2025-04-01 07:47:21,736 [INFO] -   densenet: Train Loss=0.1794, Train Acc=98.68%, Val Loss=0.1774, Val Acc=95.90%, ECE=0.0435
2025-04-01 07:47:21,736 [INFO] -   student: Train Loss=0.1309, Train Acc=99.04%, Val Loss=0.1532, Val Acc=97.10%, ECE=0.0587
2025-04-01 07:47:21,741 [INFO] - Mutual learning epoch 27 completed in 7242.11s
2025-04-01 07:47:21,743 [INFO] - Mutual Learning Epoch 28/50
2025-04-01 07:47:21,743 [INFO] - Mutual weight: 0.6000, Calibration weight: 0.2000
2025-04-01 07:47:21,746 [INFO] - Current temperatures: {'vit': 4.954317569732666, 'efficientnet': 6.337780952453613, 'inception': 6.190462589263916, 'mobilenet': 6.321191310882568, 'resnet': 6.194355487823486, 'densenet': 6.228843688964844, 'student': 5.947007179260254}
2025-04-01 07:47:22,036 [INFO] - GPU cache cleared: 2449.90MB → 2449.90MB (freed 0.00MB)
Training (mutual=0.60, cal=0.20): 100%|██████████| 938/938 [1:50:57<00:00,  7.10s/it, loss=0.245, acc=93.8%]
Validation: 100%|██████████| 105/105 [02:35<00:00,  1.48s/it]
2025-04-01 09:40:54,687 [INFO] -   vit: Train Loss=0.7609, Train Acc=62.82%, Val Loss=1.1538, Val Acc=58.72%, ECE=0.0291
2025-04-01 09:40:54,689 [INFO] -   efficientnet: Train Loss=0.1337, Train Acc=99.22%, Val Loss=0.1501, Val Acc=96.88%, ECE=0.0479
2025-04-01 09:40:54,692 [INFO] -   inception: Train Loss=0.1787, Train Acc=98.72%, Val Loss=0.1882, Val Acc=95.66%, ECE=0.0510
2025-04-01 09:40:54,695 [INFO] -   mobilenet: Train Loss=0.1652, Train Acc=99.43%, Val Loss=0.1653, Val Acc=96.34%, ECE=0.0489
2025-04-01 09:40:54,699 [INFO] -   resnet: Train Loss=0.1711, Train Acc=98.33%, Val Loss=0.2153, Val Acc=94.88%, ECE=0.0465
2025-04-01 09:40:54,700 [INFO] -   densenet: Train Loss=0.1755, Train Acc=98.85%, Val Loss=0.1982, Val Acc=95.60%, ECE=0.0487
2025-04-01 09:40:54,703 [INFO] -   student: Train Loss=0.1279, Train Acc=99.20%, Val Loss=0.1598, Val Acc=96.80%, ECE=0.0585
2025-04-01 09:40:54,706 [INFO] - Mutual learning epoch 28 completed in 6812.96s
2025-04-01 09:40:54,706 [INFO] - Mutual Learning Epoch 29/50
2025-04-01 09:40:54,707 [INFO] - Mutual weight: 0.6000, Calibration weight: 0.2000
2025-04-01 09:40:54,709 [INFO] - Current temperatures: {'vit': 4.954099655151367, 'efficientnet': 6.344043254852295, 'inception': 6.198941230773926, 'mobilenet': 6.328348159790039, 'resnet': 6.20505428314209, 'densenet': 6.237482070922852, 'student': 5.968916416168213}
2025-04-01 09:40:55,075 [INFO] - GPU cache cleared: 2448.58MB → 2448.58MB (freed 0.00MB)
Training (mutual=0.60, cal=0.20): 100%|██████████| 938/938 [1:55:19<00:00,  7.38s/it, loss=0.242, acc=93.9%]
Validation: 100%|██████████| 105/105 [02:54<00:00,  1.66s/it]
2025-04-01 11:39:09,318 [INFO] -   vit: Train Loss=0.7545, Train Acc=63.14%, Val Loss=1.1471, Val Acc=59.30%, ECE=0.0315
2025-04-01 11:39:09,328 [INFO] -   New best model for vit (Val Acc: 59.30%)
2025-04-01 11:39:10,030 [INFO] -   efficientnet: Train Loss=0.1317, Train Acc=99.25%, Val Loss=0.1410, Val Acc=97.04%, ECE=0.0461
2025-04-01 11:39:10,030 [INFO] -   inception: Train Loss=0.1758, Train Acc=98.82%, Val Loss=0.1972, Val Acc=95.42%, ECE=0.0479
2025-04-01 11:39:10,038 [INFO] -   mobilenet: Train Loss=0.1634, Train Acc=99.43%, Val Loss=0.1691, Val Acc=96.12%, ECE=0.0430
2025-04-01 11:39:10,040 [INFO] -   resnet: Train Loss=0.1690, Train Acc=98.38%, Val Loss=0.2005, Val Acc=95.08%, ECE=0.0436
2025-04-01 11:39:10,040 [INFO] -   densenet: Train Loss=0.1722, Train Acc=98.91%, Val Loss=0.1749, Val Acc=96.02%, ECE=0.0461
2025-04-01 11:39:10,040 [INFO] -   student: Train Loss=0.1264, Train Acc=99.18%, Val Loss=0.1538, Val Acc=96.84%, ECE=0.0562
2025-04-01 11:39:10,040 [INFO] - Mutual learning epoch 29 completed in 7095.33s
2025-04-01 11:39:10,040 [INFO] - Mutual Learning Epoch 30/50
2025-04-01 11:39:10,040 [INFO] - Mutual weight: 0.6000, Calibration weight: 0.2000
2025-04-01 11:39:10,048 [INFO] - Current temperatures: {'vit': 4.953871726989746, 'efficientnet': 6.350948810577393, 'inception': 6.2087812423706055, 'mobilenet': 6.3354105949401855, 'resnet': 6.215399265289307, 'densenet': 6.246943473815918, 'student': 5.989585876464844}
2025-04-01 11:39:10,359 [INFO] - GPU cache cleared: 2445.87MB → 2445.87MB (freed 0.00MB)
Training (mutual=0.60, cal=0.20): 100%|██████████| 938/938 [1:50:22<00:00,  7.06s/it, loss=0.238, acc=94.1%]
Validation: 100%|██████████| 105/105 [02:41<00:00,  1.54s/it]
2025-04-01 13:32:15,324 [INFO] -   vit: Train Loss=0.7523, Train Acc=63.52%, Val Loss=1.1471, Val Acc=59.40%, ECE=0.0308
2025-04-01 13:32:15,331 [INFO] -   New best model for vit (Val Acc: 59.40%)
2025-04-01 13:32:16,017 [INFO] -   efficientnet: Train Loss=0.1295, Train Acc=99.33%, Val Loss=0.1408, Val Acc=97.12%, ECE=0.0473
2025-04-01 13:32:16,017 [INFO] -   inception: Train Loss=0.1708, Train Acc=99.03%, Val Loss=0.1810, Val Acc=95.80%, ECE=0.0422
2025-04-01 13:32:16,023 [INFO] -   mobilenet: Train Loss=0.1604, Train Acc=99.53%, Val Loss=0.1563, Val Acc=96.66%, ECE=0.0480
2025-04-01 13:32:16,023 [INFO] -   New best model for mobilenet (Val Acc: 96.66%)
2025-04-01 13:32:16,143 [INFO] -   resnet: Train Loss=0.1627, Train Acc=98.71%, Val Loss=0.1864, Val Acc=95.78%, ECE=0.0491
2025-04-01 13:32:16,143 [INFO] -   New best model for resnet (Val Acc: 95.78%)
2025-04-01 13:32:16,389 [INFO] -   densenet: Train Loss=0.1689, Train Acc=99.03%, Val Loss=0.1718, Val Acc=96.06%, ECE=0.0460
2025-04-01 13:32:16,389 [INFO] -   student: Train Loss=0.1244, Train Acc=99.25%, Val Loss=0.1543, Val Acc=97.14%, ECE=0.0608
2025-04-01 13:32:16,395 [INFO] -   New best model for student (Val Acc: 97.14%)
2025-04-01 13:32:18,986 [INFO] - Mutual learning epoch 30 completed in 6788.95s
2025-04-01 13:32:18,986 [INFO] - Mutual Learning Epoch 31/50
2025-04-01 13:32:18,986 [INFO] - Mutual weight: 0.6000, Calibration weight: 0.2000
2025-04-01 13:32:18,994 [INFO] - Current temperatures: {'vit': 4.953704357147217, 'efficientnet': 6.356061935424805, 'inception': 6.217841625213623, 'mobilenet': 6.341849327087402, 'resnet': 6.226756572723389, 'densenet': 6.255134582519531, 'student': 6.00852108001709}
2025-04-01 13:32:19,243 [INFO] - GPU cache cleared: 2446.52MB → 2446.52MB (freed 0.00MB)
Training (mutual=0.60, cal=0.20): 100%|██████████| 938/938 [1:55:29<00:00,  7.39s/it, loss=0.235, acc=94.1%]
Validation: 100%|██████████| 105/105 [02:32<00:00,  1.45s/it]
2025-04-01 15:30:21,166 [INFO] -   vit: Train Loss=0.7476, Train Acc=63.52%, Val Loss=1.1462, Val Acc=59.46%, ECE=0.0293
2025-04-01 15:30:21,182 [INFO] -   New best model for vit (Val Acc: 59.46%)
2025-04-01 15:30:21,908 [INFO] -   efficientnet: Train Loss=0.1265, Train Acc=99.41%, Val Loss=0.1387, Val Acc=97.18%, ECE=0.0450
2025-04-01 15:30:21,908 [INFO] -   inception: Train Loss=0.1689, Train Acc=98.99%, Val Loss=0.1809, Val Acc=96.08%, ECE=0.0473
2025-04-01 15:30:21,908 [INFO] -   mobilenet: Train Loss=0.1568, Train Acc=99.61%, Val Loss=0.1620, Val Acc=96.42%, ECE=0.0462
2025-04-01 15:30:21,908 [INFO] -   resnet: Train Loss=0.1588, Train Acc=98.82%, Val Loss=0.1920, Val Acc=95.52%, ECE=0.0439
2025-04-01 15:30:21,908 [INFO] -   densenet: Train Loss=0.1666, Train Acc=99.07%, Val Loss=0.1679, Val Acc=96.46%, ECE=0.0483
2025-04-01 15:30:21,917 [INFO] -   New best model for densenet (Val Acc: 96.46%)
2025-04-01 15:30:22,180 [INFO] -   student: Train Loss=0.1226, Train Acc=99.29%, Val Loss=0.1552, Val Acc=97.04%, ECE=0.0538
2025-04-01 15:30:22,180 [INFO] - Mutual learning epoch 31 completed in 7083.19s
2025-04-01 15:30:22,187 [INFO] - Mutual Learning Epoch 32/50
2025-04-01 15:30:22,187 [INFO] - Mutual weight: 0.6000, Calibration weight: 0.2000
2025-04-01 15:30:22,190 [INFO] - Current temperatures: {'vit': 4.953517913818359, 'efficientnet': 6.362148284912109, 'inception': 6.226563930511475, 'mobilenet': 6.349019527435303, 'resnet': 6.238218784332275, 'densenet': 6.263054370880127, 'student': 6.026052951812744}
2025-04-01 15:30:22,460 [INFO] - GPU cache cleared: 2447.12MB → 2447.12MB (freed 0.00MB)
Training (mutual=0.60, cal=0.20): 100%|██████████| 938/938 [2:09:15<00:00,  8.27s/it, loss=0.234, acc=94.2%]
Validation: 100%|██████████| 105/105 [02:41<00:00,  1.54s/it]
2025-04-01 17:42:20,039 [INFO] -   vit: Train Loss=0.7460, Train Acc=63.67%, Val Loss=1.1490, Val Acc=59.28%, ECE=0.0325
2025-04-01 17:42:20,040 [INFO] -   efficientnet: Train Loss=0.1247, Train Acc=99.46%, Val Loss=0.1502, Val Acc=96.88%, ECE=0.0474
2025-04-01 17:42:20,043 [INFO] -   inception: Train Loss=0.1668, Train Acc=99.11%, Val Loss=0.1732, Val Acc=96.24%, ECE=0.0479
2025-04-01 17:42:20,050 [INFO] -   New best model for inception (Val Acc: 96.24%)
2025-04-01 17:42:20,349 [INFO] -   mobilenet: Train Loss=0.1557, Train Acc=99.56%, Val Loss=0.1549, Val Acc=96.54%, ECE=0.0474
2025-04-01 17:42:20,349 [INFO] -   resnet: Train Loss=0.1562, Train Acc=98.88%, Val Loss=0.1896, Val Acc=95.54%, ECE=0.0453
2025-04-01 17:42:20,356 [INFO] -   densenet: Train Loss=0.1650, Train Acc=99.09%, Val Loss=0.1695, Val Acc=96.28%, ECE=0.0465
2025-04-01 17:42:20,356 [INFO] -   student: Train Loss=0.1208, Train Acc=99.31%, Val Loss=0.1518, Val Acc=97.04%, ECE=0.0569
2025-04-01 17:42:20,359 [INFO] - Mutual learning epoch 32 completed in 7918.17s
2025-04-01 17:42:20,359 [INFO] - Mutual Learning Epoch 33/50
2025-04-01 17:42:20,359 [INFO] - Mutual weight: 0.6000, Calibration weight: 0.2000
2025-04-01 17:42:20,359 [INFO] - Current temperatures: {'vit': 4.953360080718994, 'efficientnet': 6.368722915649414, 'inception': 6.2344512939453125, 'mobilenet': 6.355737686157227, 'resnet': 6.248290061950684, 'densenet': 6.270148754119873, 'student': 6.0425214767456055}
2025-04-01 17:42:20,646 [INFO] - GPU cache cleared: 2444.07MB → 2444.07MB (freed 0.00MB)
Training (mutual=0.60, cal=0.20): 100%|██████████| 938/938 [2:03:47<00:00,  7.92s/it, loss=0.231, acc=94.3%]
Validation: 100%|██████████| 105/105 [02:00<00:00,  1.15s/it]
2025-04-01 19:48:08,727 [INFO] -   vit: Train Loss=0.7428, Train Acc=63.90%, Val Loss=1.1346, Val Acc=59.90%, ECE=0.0273
2025-04-01 19:48:08,737 [INFO] -   New best model for vit (Val Acc: 59.90%)
2025-04-01 19:48:09,694 [INFO] -   efficientnet: Train Loss=0.1233, Train Acc=99.40%, Val Loss=0.1392, Val Acc=97.22%, ECE=0.0475
2025-04-01 19:48:09,694 [INFO] -   inception: Train Loss=0.1628, Train Acc=99.30%, Val Loss=0.1738, Val Acc=96.22%, ECE=0.0450
2025-04-01 19:48:09,701 [INFO] -   mobilenet: Train Loss=0.1543, Train Acc=99.58%, Val Loss=0.1599, Val Acc=96.44%, ECE=0.0447
2025-04-01 19:48:09,702 [INFO] -   resnet: Train Loss=0.1535, Train Acc=98.92%, Val Loss=0.1897, Val Acc=95.64%, ECE=0.0468
2025-04-01 19:48:09,702 [INFO] -   densenet: Train Loss=0.1593, Train Acc=99.35%, Val Loss=0.1698, Val Acc=96.48%, ECE=0.0480
2025-04-01 19:48:09,707 [INFO] -   New best model for densenet (Val Acc: 96.48%)
2025-04-01 19:48:09,976 [INFO] -   student: Train Loss=0.1183, Train Acc=99.43%, Val Loss=0.1470, Val Acc=97.24%, ECE=0.0560
2025-04-01 19:48:09,992 [INFO] -   New best model for student (Val Acc: 97.24%)
2025-04-01 19:48:10,142 [INFO] - Mutual learning epoch 33 completed in 7549.78s
2025-04-01 19:48:10,142 [INFO] - Mutual Learning Epoch 34/50
2025-04-01 19:48:10,142 [INFO] - Mutual weight: 0.6000, Calibration weight: 0.2000
2025-04-01 19:48:10,145 [INFO] - Current temperatures: {'vit': 4.953210830688477, 'efficientnet': 6.37382698059082, 'inception': 6.242964744567871, 'mobilenet': 6.361525535583496, 'resnet': 6.258098125457764, 'densenet': 6.279526233673096, 'student': 6.057566165924072}
2025-04-01 19:48:10,427 [INFO] - GPU cache cleared: 2444.70MB → 2444.70MB (freed 0.00MB)
Training (mutual=0.60, cal=0.20): 100%|██████████| 938/938 [2:00:41<00:00,  7.72s/it, loss=0.228, acc=94.3%]
Validation: 100%|██████████| 105/105 [03:23<00:00,  1.94s/it]
2025-04-01 21:52:15,893 [INFO] -   vit: Train Loss=0.7430, Train Acc=63.82%, Val Loss=1.1354, Val Acc=59.80%, ECE=0.0314
2025-04-01 21:52:15,894 [INFO] -   efficientnet: Train Loss=0.1205, Train Acc=99.54%, Val Loss=0.1409, Val Acc=97.02%, ECE=0.0495
2025-04-01 21:52:15,897 [INFO] -   inception: Train Loss=0.1597, Train Acc=99.36%, Val Loss=0.1772, Val Acc=96.26%, ECE=0.0474
2025-04-01 21:52:15,902 [INFO] -   New best model for inception (Val Acc: 96.26%)
2025-04-01 21:52:16,165 [INFO] -   mobilenet: Train Loss=0.1518, Train Acc=99.65%, Val Loss=0.1547, Val Acc=96.70%, ECE=0.0499
2025-04-01 21:52:16,169 [INFO] -   New best model for mobilenet (Val Acc: 96.70%)
2025-04-01 21:52:16,277 [INFO] -   resnet: Train Loss=0.1490, Train Acc=99.14%, Val Loss=0.1851, Val Acc=95.60%, ECE=0.0453
2025-04-01 21:52:16,277 [INFO] -   densenet: Train Loss=0.1577, Train Acc=99.40%, Val Loss=0.1679, Val Acc=96.28%, ECE=0.0488
2025-04-01 21:52:16,277 [INFO] -   student: Train Loss=0.1158, Train Acc=99.54%, Val Loss=0.1472, Val Acc=97.16%, ECE=0.0561
2025-04-01 21:52:16,283 [INFO] - Mutual learning epoch 34 completed in 7446.14s
2025-04-01 21:52:16,285 [INFO] - Mutual Learning Epoch 35/50
2025-04-01 21:52:16,285 [INFO] - Mutual weight: 0.6000, Calibration weight: 0.2000
2025-04-01 21:52:16,285 [INFO] - Current temperatures: {'vit': 4.953060150146484, 'efficientnet': 6.379814147949219, 'inception': 6.251458644866943, 'mobilenet': 6.366944789886475, 'resnet': 6.26747989654541, 'densenet': 6.2873854637146, 'student': 6.071348667144775}
2025-04-01 21:52:16,567 [INFO] - GPU cache cleared: 2445.19MB → 2445.19MB (freed 0.00MB)
Training (mutual=0.60, cal=0.20): 100%|██████████| 938/938 [1:52:46<00:00,  7.21s/it, loss=0.226, acc=94.4%]
Validation: 100%|██████████| 105/105 [02:42<00:00,  1.55s/it]
2025-04-01 23:47:46,275 [INFO] -   vit: Train Loss=0.7392, Train Acc=64.00%, Val Loss=1.1300, Val Acc=60.22%, ECE=0.0288
2025-04-01 23:47:46,282 [INFO] -   New best model for vit (Val Acc: 60.22%)
2025-04-01 23:47:47,076 [INFO] -   efficientnet: Train Loss=0.1184, Train Acc=99.59%, Val Loss=0.1368, Val Acc=97.34%, ECE=0.0452
2025-04-01 23:47:47,082 [INFO] -   New best model for efficientnet (Val Acc: 97.34%)
2025-04-01 23:47:47,197 [INFO] -   inception: Train Loss=0.1584, Train Acc=99.38%, Val Loss=0.1732, Val Acc=96.46%, ECE=0.0451
2025-04-01 23:47:47,201 [INFO] -   New best model for inception (Val Acc: 96.46%)
2025-04-01 23:47:47,473 [INFO] -   mobilenet: Train Loss=0.1498, Train Acc=99.66%, Val Loss=0.1590, Val Acc=96.38%, ECE=0.0435
2025-04-01 23:47:47,474 [INFO] -   resnet: Train Loss=0.1452, Train Acc=99.25%, Val Loss=0.1869, Val Acc=95.64%, ECE=0.0480
2025-04-01 23:47:47,477 [INFO] -   densenet: Train Loss=0.1541, Train Acc=99.51%, Val Loss=0.1656, Val Acc=96.46%, ECE=0.0490
2025-04-01 23:47:47,479 [INFO] -   student: Train Loss=0.1142, Train Acc=99.53%, Val Loss=0.1439, Val Acc=97.48%, ECE=0.0563
2025-04-01 23:47:47,484 [INFO] -   New best model for student (Val Acc: 97.48%)
2025-04-01 23:47:47,660 [INFO] - Mutual learning epoch 35 completed in 6931.38s
2025-04-01 23:47:47,662 [INFO] - Mutual Learning Epoch 36/50
2025-04-01 23:47:47,663 [INFO] - Mutual weight: 0.6000, Calibration weight: 0.2000
2025-04-01 23:47:47,665 [INFO] - Current temperatures: {'vit': 4.953311920166016, 'efficientnet': 6.382049560546875, 'inception': 6.255550384521484, 'mobilenet': 6.368319988250732, 'resnet': 6.273380279541016, 'densenet': 6.291702747344971, 'student': 6.082716941833496}
2025-04-01 23:47:47,981 [INFO] - GPU cache cleared: 2442.95MB → 2442.95MB (freed 0.00MB)
Training (mutual=0.60, cal=0.20): 100%|██████████| 938/938 [2:04:16<00:00,  7.95s/it, loss=0.224, acc=94.5%]
Validation: 100%|██████████| 105/105 [03:19<00:00,  1.90s/it]
2025-04-02 01:55:24,654 [INFO] -   vit: Train Loss=0.7383, Train Acc=64.15%, Val Loss=1.1338, Val Acc=59.80%, ECE=0.0339
2025-04-02 01:55:24,655 [INFO] -   efficientnet: Train Loss=0.1167, Train Acc=99.61%, Val Loss=0.1400, Val Acc=97.12%, ECE=0.0461
2025-04-02 01:55:24,658 [INFO] -   inception: Train Loss=0.1554, Train Acc=99.49%, Val Loss=0.1763, Val Acc=96.00%, ECE=0.0477
2025-04-02 01:55:24,660 [INFO] -   mobilenet: Train Loss=0.1481, Train Acc=99.72%, Val Loss=0.1560, Val Acc=96.64%, ECE=0.0439
2025-04-02 01:55:24,663 [INFO] -   resnet: Train Loss=0.1428, Train Acc=99.32%, Val Loss=0.1849, Val Acc=95.82%, ECE=0.0460
2025-04-02 01:55:24,669 [INFO] -   New best model for resnet (Val Acc: 95.82%)
2025-04-02 01:55:24,946 [INFO] -   densenet: Train Loss=0.1530, Train Acc=99.49%, Val Loss=0.1741, Val Acc=96.40%, ECE=0.0480
2025-04-02 01:55:24,952 [INFO] -   student: Train Loss=0.1125, Train Acc=99.60%, Val Loss=0.1468, Val Acc=97.20%, ECE=0.0554
2025-04-02 01:55:24,952 [INFO] - Mutual learning epoch 36 completed in 7657.29s
2025-04-02 01:55:24,952 [INFO] - Mutual Learning Epoch 37/50
2025-04-02 01:55:24,952 [INFO] - Mutual weight: 0.6000, Calibration weight: 0.2000
2025-04-02 01:55:24,952 [INFO] - Current temperatures: {'vit': 4.953197002410889, 'efficientnet': 6.386885643005371, 'inception': 6.2632365226745605, 'mobilenet': 6.373525619506836, 'resnet': 6.281833171844482, 'densenet': 6.298888683319092, 'student': 6.093965530395508}
2025-04-02 01:55:25,260 [INFO] - GPU cache cleared: 2446.40MB → 2446.40MB (freed 0.00MB)
Training (mutual=0.60, cal=0.20): 100%|██████████| 938/938 [1:48:26<00:00,  6.94s/it, loss=0.222, acc=94.5%]
Validation: 100%|██████████| 105/105 [02:47<00:00,  1.60s/it]
2025-04-02 03:46:39,681 [INFO] -   vit: Train Loss=0.7362, Train Acc=64.07%, Val Loss=1.1276, Val Acc=60.24%, ECE=0.0278
2025-04-02 03:46:39,687 [INFO] -   New best model for vit (Val Acc: 60.24%)
2025-04-02 03:46:40,532 [INFO] -   efficientnet: Train Loss=0.1151, Train Acc=99.69%, Val Loss=0.1340, Val Acc=97.46%, ECE=0.0478
2025-04-02 03:46:40,536 [INFO] -   New best model for efficientnet (Val Acc: 97.46%)
2025-04-02 03:46:40,647 [INFO] -   inception: Train Loss=0.1533, Train Acc=99.60%, Val Loss=0.1696, Val Acc=96.38%, ECE=0.0491
2025-04-02 03:46:40,647 [INFO] -   mobilenet: Train Loss=0.1470, Train Acc=99.72%, Val Loss=0.1584, Val Acc=96.38%, ECE=0.0466
2025-04-02 03:46:40,653 [INFO] -   resnet: Train Loss=0.1412, Train Acc=99.36%, Val Loss=0.1792, Val Acc=95.92%, ECE=0.0461
2025-04-02 03:46:40,657 [INFO] -   New best model for resnet (Val Acc: 95.92%)
2025-04-02 03:46:40,970 [INFO] -   densenet: Train Loss=0.1507, Train Acc=99.59%, Val Loss=0.1591, Val Acc=96.80%, ECE=0.0474
2025-04-02 03:46:40,980 [INFO] -   New best model for densenet (Val Acc: 96.80%)
2025-04-02 03:46:41,157 [INFO] -   student: Train Loss=0.1112, Train Acc=99.63%, Val Loss=0.1486, Val Acc=97.18%, ECE=0.0539
2025-04-02 03:46:41,158 [INFO] - Mutual learning epoch 37 completed in 6676.21s
2025-04-02 03:46:41,159 [INFO] - Mutual Learning Epoch 38/50
2025-04-02 03:46:41,160 [INFO] - Mutual weight: 0.6000, Calibration weight: 0.2000
2025-04-02 03:46:41,161 [INFO] - Current temperatures: {'vit': 4.953094482421875, 'efficientnet': 6.391202449798584, 'inception': 6.26973295211792, 'mobilenet': 6.37816047668457, 'resnet': 6.289279460906982, 'densenet': 6.306227684020996, 'student': 6.104089736938477}
2025-04-02 03:46:41,432 [INFO] - GPU cache cleared: 2445.51MB → 2445.51MB (freed 0.00MB)
Training (mutual=0.60, cal=0.20): 100%|██████████| 938/938 [1:58:49<00:00,  7.60s/it, loss=0.22, acc=94.6%]
Validation: 100%|██████████| 105/105 [02:27<00:00,  1.40s/it]
2025-04-02 05:47:57,713 [INFO] -   vit: Train Loss=0.7332, Train Acc=64.28%, Val Loss=1.1292, Val Acc=60.18%, ECE=0.0319
2025-04-02 05:47:57,715 [INFO] -   efficientnet: Train Loss=0.1143, Train Acc=99.66%, Val Loss=0.1314, Val Acc=97.26%, ECE=0.0458
2025-04-02 05:47:57,718 [INFO] -   inception: Train Loss=0.1528, Train Acc=99.52%, Val Loss=0.1656, Val Acc=96.40%, ECE=0.0476
2025-04-02 05:47:57,720 [INFO] -   mobilenet: Train Loss=0.1451, Train Acc=99.78%, Val Loss=0.1500, Val Acc=96.60%, ECE=0.0452
2025-04-02 05:47:57,723 [INFO] -   resnet: Train Loss=0.1377, Train Acc=99.50%, Val Loss=0.1811, Val Acc=95.80%, ECE=0.0427
2025-04-02 05:47:57,725 [INFO] -   densenet: Train Loss=0.1488, Train Acc=99.64%, Val Loss=0.1664, Val Acc=96.46%, ECE=0.0475
2025-04-02 05:47:57,729 [INFO] -   student: Train Loss=0.1104, Train Acc=99.64%, Val Loss=0.1430, Val Acc=97.34%, ECE=0.0495
2025-04-02 05:47:57,732 [INFO] - Mutual learning epoch 38 completed in 7276.57s
2025-04-02 05:47:57,733 [INFO] - Mutual Learning Epoch 39/50
2025-04-02 05:47:57,734 [INFO] - Mutual weight: 0.6000, Calibration weight: 0.2000
2025-04-02 05:47:57,736 [INFO] - Current temperatures: {'vit': 4.952993392944336, 'efficientnet': 6.395910263061523, 'inception': 6.274946212768555, 'mobilenet': 6.382662773132324, 'resnet': 6.296635627746582, 'densenet': 6.312638282775879, 'student': 6.113206386566162}
2025-04-02 05:47:58,047 [INFO] - GPU cache cleared: 2445.06MB → 2445.06MB (freed 0.00MB)
Training (mutual=0.60, cal=0.20): 100%|██████████| 938/938 [1:53:57<00:00,  7.29s/it, loss=0.218, acc=94.6%]
Validation: 100%|██████████| 105/105 [03:36<00:00,  2.06s/it]
2025-04-02 07:45:32,118 [INFO] -   vit: Train Loss=0.7313, Train Acc=64.51%, Val Loss=1.1220, Val Acc=60.24%, ECE=0.0284
2025-04-02 07:45:32,119 [INFO] -   efficientnet: Train Loss=0.1131, Train Acc=99.66%, Val Loss=0.1307, Val Acc=97.50%, ECE=0.0477
2025-04-02 07:45:32,127 [INFO] -   New best model for efficientnet (Val Acc: 97.50%)
2025-04-02 07:45:32,271 [INFO] -   inception: Train Loss=0.1499, Train Acc=99.64%, Val Loss=0.1637, Val Acc=96.72%, ECE=0.0474
2025-04-02 07:45:32,277 [INFO] -   New best model for inception (Val Acc: 96.72%)
2025-04-02 07:45:32,580 [INFO] -   mobilenet: Train Loss=0.1433, Train Acc=99.80%, Val Loss=0.1539, Val Acc=96.70%, ECE=0.0456
2025-04-02 07:45:32,580 [INFO] -   resnet: Train Loss=0.1356, Train Acc=99.56%, Val Loss=0.1727, Val Acc=96.32%, ECE=0.0469
2025-04-02 07:45:32,584 [INFO] -   New best model for resnet (Val Acc: 96.32%)
2025-04-02 07:45:32,831 [INFO] -   densenet: Train Loss=0.1471, Train Acc=99.67%, Val Loss=0.1673, Val Acc=96.66%, ECE=0.0453
2025-04-02 07:45:32,831 [INFO] -   student: Train Loss=0.1089, Train Acc=99.65%, Val Loss=0.1421, Val Acc=97.58%, ECE=0.0530
2025-04-02 07:45:32,838 [INFO] -   New best model for student (Val Acc: 97.58%)
2025-04-02 07:45:32,954 [INFO] - Mutual learning epoch 39 completed in 7055.22s
2025-04-02 07:45:32,954 [INFO] - Mutual Learning Epoch 40/50
2025-04-02 07:45:32,954 [INFO] - Mutual weight: 0.6000, Calibration weight: 0.2000
2025-04-02 07:45:32,954 [INFO] - Current temperatures: {'vit': 4.952910423278809, 'efficientnet': 6.399448394775391, 'inception': 6.279942035675049, 'mobilenet': 6.386131286621094, 'resnet': 6.303217887878418, 'densenet': 6.317807197570801, 'student': 6.12131929397583}
2025-04-02 07:45:33,213 [INFO] - GPU cache cleared: 2444.05MB → 2444.05MB (freed 0.00MB)
Training (mutual=0.60, cal=0.20): 100%|██████████| 938/938 [1:56:31<00:00,  7.45s/it, loss=0.217, acc=94.7%]
Validation: 100%|██████████| 105/105 [01:56<00:00,  1.11s/it]
2025-04-02 09:44:01,338 [INFO] -   vit: Train Loss=0.7300, Train Acc=64.39%, Val Loss=1.1280, Val Acc=60.44%, ECE=0.0359
2025-04-02 09:44:01,349 [INFO] -   New best model for vit (Val Acc: 60.44%)
2025-04-02 09:44:02,218 [INFO] -   efficientnet: Train Loss=0.1117, Train Acc=99.75%, Val Loss=0.1330, Val Acc=97.44%, ECE=0.0467
2025-04-02 09:44:02,218 [INFO] -   inception: Train Loss=0.1485, Train Acc=99.67%, Val Loss=0.1617, Val Acc=96.70%, ECE=0.0451
2025-04-02 09:44:02,225 [INFO] -   mobilenet: Train Loss=0.1424, Train Acc=99.82%, Val Loss=0.1492, Val Acc=96.74%, ECE=0.0456
2025-04-02 09:44:02,232 [INFO] -   New best model for mobilenet (Val Acc: 96.74%)
2025-04-02 09:44:02,344 [INFO] -   resnet: Train Loss=0.1341, Train Acc=99.61%, Val Loss=0.1816, Val Acc=95.96%, ECE=0.0457
2025-04-02 09:44:02,346 [INFO] -   densenet: Train Loss=0.1457, Train Acc=99.71%, Val Loss=0.1703, Val Acc=96.20%, ECE=0.0456
2025-04-02 09:44:02,348 [INFO] -   student: Train Loss=0.1082, Train Acc=99.68%, Val Loss=0.1429, Val Acc=97.30%, ECE=0.0505
2025-04-02 09:44:04,648 [INFO] - Mutual learning epoch 40 completed in 7111.69s
2025-04-02 09:44:04,648 [INFO] - Mutual Learning Epoch 41/50
2025-04-02 09:44:04,649 [INFO] - Mutual weight: 0.6000, Calibration weight: 0.2000
2025-04-02 09:44:04,651 [INFO] - Current temperatures: {'vit': 4.952830791473389, 'efficientnet': 6.402807235717773, 'inception': 6.284551620483398, 'mobilenet': 6.389673709869385, 'resnet': 6.30886173248291, 'densenet': 6.322519779205322, 'student': 6.128185749053955}
2025-04-02 09:44:04,931 [INFO] - GPU cache cleared: 2441.36MB → 2441.36MB (freed 0.00MB)
Training (mutual=0.60, cal=0.20): 100%|██████████| 938/938 [1:59:08<00:00,  7.62s/it, loss=0.217, acc=94.6%]
Validation: 100%|██████████| 105/105 [02:51<00:00,  1.63s/it]
2025-04-02 11:46:04,733 [INFO] -   vit: Train Loss=0.7295, Train Acc=64.32%, Val Loss=1.1224, Val Acc=60.36%, ECE=0.0342
2025-04-02 11:46:04,735 [INFO] -   efficientnet: Train Loss=0.1112, Train Acc=99.72%, Val Loss=0.1381, Val Acc=97.26%, ECE=0.0484
2025-04-02 11:46:04,739 [INFO] -   inception: Train Loss=0.1475, Train Acc=99.69%, Val Loss=0.1625, Val Acc=96.58%, ECE=0.0458
2025-04-02 11:46:04,741 [INFO] -   mobilenet: Train Loss=0.1421, Train Acc=99.80%, Val Loss=0.1534, Val Acc=96.74%, ECE=0.0463
2025-04-02 11:46:04,743 [INFO] -   resnet: Train Loss=0.1328, Train Acc=99.60%, Val Loss=0.1794, Val Acc=95.98%, ECE=0.0438
2025-04-02 11:46:04,745 [INFO] -   densenet: Train Loss=0.1453, Train Acc=99.69%, Val Loss=0.1647, Val Acc=96.48%, ECE=0.0461
2025-04-02 11:46:04,748 [INFO] -   student: Train Loss=0.1071, Train Acc=99.72%, Val Loss=0.1444, Val Acc=97.46%, ECE=0.0532
2025-04-02 11:46:04,750 [INFO] - Mutual learning epoch 41 completed in 7320.10s
2025-04-02 11:46:04,751 [INFO] - Mutual Learning Epoch 42/50
2025-04-02 11:46:04,751 [INFO] - Mutual weight: 0.6000, Calibration weight: 0.2000
2025-04-02 11:46:04,754 [INFO] - Current temperatures: {'vit': 4.9527692794799805, 'efficientnet': 6.405496120452881, 'inception': 6.288265705108643, 'mobilenet': 6.392717361450195, 'resnet': 6.313790798187256, 'densenet': 6.326775550842285, 'student': 6.1341962814331055}
2025-04-02 11:46:05,033 [INFO] - GPU cache cleared: 2443.78MB → 2443.78MB (freed 0.00MB)
Training (mutual=0.60, cal=0.20):   0%|          | 0/938 [00:06<?, ?it/s, loss=0.217, acc=94.3%]2025-04-02 11:46:12,229 [INFO] - GPU cache cleared: 2521.18MB → 2521.18MB (freed 0.00MB)
Training (mutual=0.60, cal=0.20): 100%|██████████| 938/938 [2:00:29<00:00,  7.71s/it, loss=0.216, acc=94.7%]
Validation: 100%|██████████| 105/105 [03:14<00:00,  1.85s/it]
2025-04-02 13:49:48,972 [INFO] -   vit: Train Loss=0.7290, Train Acc=64.41%, Val Loss=1.1248, Val Acc=60.54%, ECE=0.0334
2025-04-02 13:49:48,977 [INFO] -   New best model for vit (Val Acc: 60.54%)
2025-04-02 13:49:49,958 [INFO] -   efficientnet: Train Loss=0.1102, Train Acc=99.78%, Val Loss=0.1337, Val Acc=97.40%, ECE=0.0470
2025-04-02 13:49:49,964 [INFO] -   inception: Train Loss=0.1466, Train Acc=99.72%, Val Loss=0.1649, Val Acc=96.52%, ECE=0.0441
2025-04-02 13:49:49,964 [INFO] -   mobilenet: Train Loss=0.1414, Train Acc=99.82%, Val Loss=0.1483, Val Acc=96.76%, ECE=0.0456
2025-04-02 13:49:49,968 [INFO] -   New best model for mobilenet (Val Acc: 96.76%)
2025-04-02 13:49:50,118 [INFO] -   resnet: Train Loss=0.1311, Train Acc=99.71%, Val Loss=0.1725, Val Acc=96.26%, ECE=0.0461
2025-04-02 13:49:50,124 [INFO] -   densenet: Train Loss=0.1440, Train Acc=99.76%, Val Loss=0.1626, Val Acc=96.56%, ECE=0.0435
2025-04-02 13:49:50,124 [INFO] -   student: Train Loss=0.1066, Train Acc=99.74%, Val Loss=0.1415, Val Acc=97.44%, ECE=0.0521
2025-04-02 13:49:50,128 [INFO] - Mutual learning epoch 42 completed in 7425.38s
2025-04-02 13:49:50,128 [INFO] - Mutual Learning Epoch 43/50
2025-04-02 13:49:50,128 [INFO] - Mutual weight: 0.6000, Calibration weight: 0.2000
2025-04-02 13:49:50,128 [INFO] - Current temperatures: {'vit': 4.952723503112793, 'efficientnet': 6.407732963562012, 'inception': 6.291434288024902, 'mobilenet': 6.394956111907959, 'resnet': 6.317750453948975, 'densenet': 6.329872131347656, 'student': 6.139149188995361}
2025-04-02 13:49:50,407 [INFO] - GPU cache cleared: 2446.22MB → 2446.22MB (freed 0.00MB)
Training (mutual=0.60, cal=0.20): 100%|██████████| 938/938 [2:00:29<00:00,  7.71s/it, loss=0.214, acc=94.8%]
Validation: 100%|██████████| 105/105 [04:11<00:00,  2.39s/it]
2025-04-02 15:54:31,157 [INFO] -   vit: Train Loss=0.7279, Train Acc=64.81%, Val Loss=1.1209, Val Acc=60.68%, ECE=0.0324
2025-04-02 15:54:31,163 [INFO] -   New best model for vit (Val Acc: 60.68%)
2025-04-02 15:54:31,908 [INFO] -   efficientnet: Train Loss=0.1090, Train Acc=99.78%, Val Loss=0.1332, Val Acc=97.38%, ECE=0.0458
2025-04-02 15:54:31,908 [INFO] -   inception: Train Loss=0.1451, Train Acc=99.78%, Val Loss=0.1593, Val Acc=96.72%, ECE=0.0453
2025-04-02 15:54:31,908 [INFO] -   mobilenet: Train Loss=0.1399, Train Acc=99.86%, Val Loss=0.1496, Val Acc=96.82%, ECE=0.0470
2025-04-02 15:54:31,916 [INFO] -   New best model for mobilenet (Val Acc: 96.82%)
2025-04-02 15:54:32,025 [INFO] -   resnet: Train Loss=0.1297, Train Acc=99.75%, Val Loss=0.1761, Val Acc=96.06%, ECE=0.0453
2025-04-02 15:54:32,026 [INFO] -   densenet: Train Loss=0.1425, Train Acc=99.79%, Val Loss=0.1621, Val Acc=96.66%, ECE=0.0467
2025-04-02 15:54:32,030 [INFO] -   student: Train Loss=0.1055, Train Acc=99.78%, Val Loss=0.1407, Val Acc=97.46%, ECE=0.0508
2025-04-02 15:54:32,031 [INFO] - Mutual learning epoch 43 completed in 7481.90s
2025-04-02 15:54:32,032 [INFO] - Mutual Learning Epoch 44/50
2025-04-02 15:54:32,033 [INFO] - Mutual weight: 0.6000, Calibration weight: 0.2000
2025-04-02 15:54:32,033 [INFO] - Current temperatures: {'vit': 4.952677249908447, 'efficientnet': 6.409528732299805, 'inception': 6.2942118644714355, 'mobilenet': 6.397096633911133, 'resnet': 6.321228504180908, 'densenet': 6.332889080047607, 'student': 6.143161773681641}
2025-04-02 15:54:32,308 [INFO] - GPU cache cleared: 2444.61MB → 2444.61MB (freed 0.00MB)
Training (mutual=0.60, cal=0.20): 100%|██████████| 938/938 [1:49:34<00:00,  7.01s/it, loss=0.213, acc=94.8%]
Validation: 100%|██████████| 105/105 [02:09<00:00,  1.23s/it]
2025-04-02 17:46:15,625 [INFO] -   vit: Train Loss=0.7255, Train Acc=64.68%, Val Loss=1.1231, Val Acc=60.42%, ECE=0.0329
2025-04-02 17:46:15,625 [INFO] -   efficientnet: Train Loss=0.1087, Train Acc=99.78%, Val Loss=0.1323, Val Acc=97.60%, ECE=0.0455
2025-04-02 17:46:15,632 [INFO] -   New best model for efficientnet (Val Acc: 97.60%)
2025-04-02 17:46:15,764 [INFO] -   inception: Train Loss=0.1442, Train Acc=99.80%, Val Loss=0.1566, Val Acc=96.96%, ECE=0.0467
2025-04-02 17:46:15,768 [INFO] -   New best model for inception (Val Acc: 96.96%)
2025-04-02 17:46:16,027 [INFO] -   mobilenet: Train Loss=0.1393, Train Acc=99.87%, Val Loss=0.1463, Val Acc=97.02%, ECE=0.0451
2025-04-02 17:46:16,034 [INFO] -   New best model for mobilenet (Val Acc: 97.02%)
2025-04-02 17:46:16,142 [INFO] -   resnet: Train Loss=0.1289, Train Acc=99.76%, Val Loss=0.1720, Val Acc=96.20%, ECE=0.0470
2025-04-02 17:46:16,142 [INFO] -   densenet: Train Loss=0.1419, Train Acc=99.81%, Val Loss=0.1570, Val Acc=96.74%, ECE=0.0448
2025-04-02 17:46:16,146 [INFO] -   student: Train Loss=0.1055, Train Acc=99.76%, Val Loss=0.1406, Val Acc=97.44%, ECE=0.0515
2025-04-02 17:46:16,146 [INFO] - Mutual learning epoch 44 completed in 6704.11s
2025-04-02 17:46:16,146 [INFO] - Mutual Learning Epoch 45/50
2025-04-02 17:46:16,146 [INFO] - Mutual weight: 0.6000, Calibration weight: 0.2000
2025-04-02 17:46:16,152 [INFO] - Current temperatures: {'vit': 4.952645778656006, 'efficientnet': 6.41099214553833, 'inception': 6.2964701652526855, 'mobilenet': 6.398584365844727, 'resnet': 6.323892116546631, 'densenet': 6.335033893585205, 'student': 6.146273136138916}
2025-04-02 17:46:16,424 [INFO] - GPU cache cleared: 2444.15MB → 2444.15MB (freed 0.00MB)
Training (mutual=0.60, cal=0.20): 100%|██████████| 938/938 [1:53:00<00:00,  7.23s/it, loss=0.213, acc=94.8%]
Validation: 100%|██████████| 105/105 [02:53<00:00,  1.65s/it]
2025-04-02 19:42:10,960 [INFO] -   vit: Train Loss=0.7252, Train Acc=64.82%, Val Loss=1.1226, Val Acc=60.50%, ECE=0.0338
2025-04-02 19:42:10,966 [INFO] -   efficientnet: Train Loss=0.1080, Train Acc=99.80%, Val Loss=0.1352, Val Acc=97.44%, ECE=0.0454
2025-04-02 19:42:10,969 [INFO] -   inception: Train Loss=0.1436, Train Acc=99.78%, Val Loss=0.1623, Val Acc=96.84%, ECE=0.0471
2025-04-02 19:42:10,971 [INFO] -   mobilenet: Train Loss=0.1389, Train Acc=99.87%, Val Loss=0.1484, Val Acc=96.72%, ECE=0.0445
2025-04-02 19:42:10,973 [INFO] -   resnet: Train Loss=0.1281, Train Acc=99.78%, Val Loss=0.1696, Val Acc=96.32%, ECE=0.0468
2025-04-02 19:42:10,975 [INFO] -   densenet: Train Loss=0.1409, Train Acc=99.86%, Val Loss=0.1603, Val Acc=96.64%, ECE=0.0448
2025-04-02 19:42:10,977 [INFO] -   student: Train Loss=0.1040, Train Acc=99.81%, Val Loss=0.1421, Val Acc=97.48%, ECE=0.0503
2025-04-02 19:42:10,979 [INFO] - Mutual learning epoch 45 completed in 6954.83s
2025-04-02 19:42:10,980 [INFO] - Mutual Learning Epoch 46/50
2025-04-02 19:42:10,981 [INFO] - Mutual weight: 0.6000, Calibration weight: 0.2000
2025-04-02 19:42:10,983 [INFO] - Current temperatures: {'vit': 4.9526190757751465, 'efficientnet': 6.412142753601074, 'inception': 6.298152446746826, 'mobilenet': 6.399807453155518, 'resnet': 6.3259782791137695, 'densenet': 6.33673620223999, 'student': 6.148732662200928}
2025-04-02 19:42:11,306 [INFO] - GPU cache cleared: 2442.01MB → 2442.01MB (freed 0.00MB)
Training (mutual=0.60, cal=0.20): 100%|██████████| 938/938 [2:00:14<00:00,  7.69s/it, loss=0.212, acc=94.8%]
Validation: 100%|██████████| 105/105 [02:12<00:00,  1.27s/it]
2025-04-02 21:44:39,175 [INFO] -   vit: Train Loss=0.7245, Train Acc=64.74%, Val Loss=1.1233, Val Acc=60.16%, ECE=0.0334
2025-04-02 21:44:39,177 [INFO] -   efficientnet: Train Loss=0.1078, Train Acc=99.79%, Val Loss=0.1325, Val Acc=97.52%, ECE=0.0453
2025-04-02 21:44:39,180 [INFO] -   inception: Train Loss=0.1431, Train Acc=99.79%, Val Loss=0.1595, Val Acc=96.80%, ECE=0.0443
2025-04-02 21:44:39,182 [INFO] -   mobilenet: Train Loss=0.1386, Train Acc=99.85%, Val Loss=0.1484, Val Acc=96.92%, ECE=0.0481
2025-04-02 21:44:39,184 [INFO] -   resnet: Train Loss=0.1275, Train Acc=99.77%, Val Loss=0.1673, Val Acc=96.30%, ECE=0.0474
2025-04-02 21:44:39,187 [INFO] -   densenet: Train Loss=0.1407, Train Acc=99.84%, Val Loss=0.1605, Val Acc=96.80%, ECE=0.0453
2025-04-02 21:44:39,188 [INFO] -   student: Train Loss=0.1045, Train Acc=99.77%, Val Loss=0.1421, Val Acc=97.36%, ECE=0.0493
2025-04-02 21:44:39,191 [INFO] - Mutual learning epoch 46 completed in 7348.21s
2025-04-02 21:44:39,192 [INFO] - Mutual Learning Epoch 47/50
2025-04-02 21:44:39,193 [INFO] - Mutual weight: 0.6000, Calibration weight: 0.2000
2025-04-02 21:44:39,194 [INFO] - Current temperatures: {'vit': 4.95259952545166, 'efficientnet': 6.41295862197876, 'inception': 6.29940938949585, 'mobilenet': 6.400637626647949, 'resnet': 6.3274407386779785, 'densenet': 6.338067531585693, 'student': 6.1504716873168945}
2025-04-02 21:44:39,611 [INFO] - GPU cache cleared: 2444.13MB → 2444.13MB (freed 0.00MB)
Training (mutual=0.60, cal=0.20): 100%|██████████| 938/938 [1:42:29<00:00,  6.56s/it, loss=0.212, acc=94.8%]
Validation: 100%|██████████| 105/105 [03:13<00:00,  1.85s/it]
2025-04-02 23:30:23,474 [INFO] -   vit: Train Loss=0.7264, Train Acc=64.74%, Val Loss=1.1218, Val Acc=60.36%, ECE=0.0315
2025-04-02 23:30:23,475 [INFO] -   efficientnet: Train Loss=0.1074, Train Acc=99.81%, Val Loss=0.1326, Val Acc=97.52%, ECE=0.0475
2025-04-02 23:30:23,475 [INFO] -   inception: Train Loss=0.1430, Train Acc=99.82%, Val Loss=0.1586, Val Acc=96.94%, ECE=0.0476
2025-04-02 23:30:23,475 [INFO] -   mobilenet: Train Loss=0.1385, Train Acc=99.86%, Val Loss=0.1493, Val Acc=96.84%, ECE=0.0443
2025-04-02 23:30:23,483 [INFO] -   resnet: Train Loss=0.1271, Train Acc=99.80%, Val Loss=0.1684, Val Acc=96.34%, ECE=0.0478
2025-04-02 23:30:23,489 [INFO] -   New best model for resnet (Val Acc: 96.34%)
2025-04-02 23:30:23,742 [INFO] -   densenet: Train Loss=0.1404, Train Acc=99.84%, Val Loss=0.1579, Val Acc=96.76%, ECE=0.0448
2025-04-02 23:30:23,743 [INFO] -   student: Train Loss=0.1039, Train Acc=99.83%, Val Loss=0.1414, Val Acc=97.46%, ECE=0.0502
2025-04-02 23:30:23,745 [INFO] - Mutual learning epoch 47 completed in 6344.55s
2025-04-02 23:30:23,745 [INFO] - Mutual Learning Epoch 48/50
2025-04-02 23:30:23,745 [INFO] - Mutual weight: 0.6000, Calibration weight: 0.2000
2025-04-02 23:30:23,749 [INFO] - Current temperatures: {'vit': 4.952587604522705, 'efficientnet': 6.413517475128174, 'inception': 6.300122261047363, 'mobilenet': 6.401119232177734, 'resnet': 6.328396797180176, 'densenet': 6.338815212249756, 'student': 6.151622772216797}
2025-04-02 23:30:24,118 [INFO] - GPU cache cleared: 2446.78MB → 2446.78MB (freed 0.00MB)
Training (mutual=0.60, cal=0.20): 100%|██████████| 938/938 [1:51:18<00:00,  7.12s/it, loss=0.211, acc=94.8%]
Validation: 100%|██████████| 105/105 [02:22<00:00,  1.36s/it]
2025-04-03 01:24:05,475 [INFO] -   vit: Train Loss=0.7215, Train Acc=64.83%, Val Loss=1.1219, Val Acc=60.34%, ECE=0.0332
2025-04-03 01:24:05,476 [INFO] -   efficientnet: Train Loss=0.1073, Train Acc=99.80%, Val Loss=0.1331, Val Acc=97.42%, ECE=0.0459
2025-04-03 01:24:05,478 [INFO] -   inception: Train Loss=0.1421, Train Acc=99.82%, Val Loss=0.1606, Val Acc=96.82%, ECE=0.0468
2025-04-03 01:24:05,478 [INFO] -   mobilenet: Train Loss=0.1379, Train Acc=99.86%, Val Loss=0.1481, Val Acc=96.84%, ECE=0.0447
2025-04-03 01:24:05,484 [INFO] -   resnet: Train Loss=0.1270, Train Acc=99.79%, Val Loss=0.1692, Val Acc=96.34%, ECE=0.0460
2025-04-03 01:24:05,487 [INFO] -   densenet: Train Loss=0.1401, Train Acc=99.84%, Val Loss=0.1570, Val Acc=96.74%, ECE=0.0446
2025-04-03 01:24:05,490 [INFO] -   student: Train Loss=0.1038, Train Acc=99.79%, Val Loss=0.1424, Val Acc=97.44%, ECE=0.0530
2025-04-03 01:24:05,492 [INFO] - Mutual learning epoch 48 completed in 6821.75s
2025-04-03 01:24:05,493 [INFO] - Mutual Learning Epoch 49/50
2025-04-03 01:24:05,494 [INFO] - Mutual weight: 0.6000, Calibration weight: 0.2000
2025-04-03 01:24:05,496 [INFO] - Current temperatures: {'vit': 4.952579498291016, 'efficientnet': 6.413904190063477, 'inception': 6.300600528717041, 'mobilenet': 6.401436805725098, 'resnet': 6.3289923667907715, 'densenet': 6.339330196380615, 'student': 6.152282238006592}
2025-04-03 01:24:05,826 [INFO] - GPU cache cleared: 2446.00MB → 2446.00MB (freed 0.00MB)
Training (mutual=0.60, cal=0.20): 100%|██████████| 938/938 [1:54:50<00:00,  7.35s/it, loss=0.212, acc=94.8%]
Validation: 100%|██████████| 105/105 [02:41<00:00,  1.54s/it]
2025-04-03 03:21:37,979 [INFO] -   vit: Train Loss=0.7249, Train Acc=64.86%, Val Loss=1.1219, Val Acc=60.38%, ECE=0.0333
2025-04-03 03:21:37,979 [INFO] -   efficientnet: Train Loss=0.1073, Train Acc=99.81%, Val Loss=0.1322, Val Acc=97.48%, ECE=0.0474
2025-04-03 03:21:37,983 [INFO] -   inception: Train Loss=0.1428, Train Acc=99.81%, Val Loss=0.1607, Val Acc=96.84%, ECE=0.0475
2025-04-03 03:21:37,983 [INFO] -   mobilenet: Train Loss=0.1383, Train Acc=99.86%, Val Loss=0.1490, Val Acc=96.84%, ECE=0.0436
2025-04-03 03:21:37,987 [INFO] -   resnet: Train Loss=0.1269, Train Acc=99.82%, Val Loss=0.1711, Val Acc=96.32%, ECE=0.0457
2025-04-03 03:21:37,991 [INFO] -   densenet: Train Loss=0.1406, Train Acc=99.82%, Val Loss=0.1584, Val Acc=96.70%, ECE=0.0476
2025-04-03 03:21:37,993 [INFO] -   student: Train Loss=0.1037, Train Acc=99.82%, Val Loss=0.1417, Val Acc=97.36%, ECE=0.0507
2025-04-03 03:21:37,995 [INFO] - Mutual learning epoch 49 completed in 7052.50s
2025-04-03 03:21:37,996 [INFO] - Early stopping triggered after 49 epochs