2025-03-25 13:26:50,240 [INFO] - Using device: cuda
2025-03-25 13:26:50,247 [INFO] - GPU: NVIDIA GeForce RTX 3060 Laptop GPU
2025-03-25 13:26:50,248 [INFO] - GPU Memory: 6.00 GB
2025-03-25 13:26:50,248 [INFO] - CUDA Version: 12.4
2025-03-25 13:26:50,250 [INFO] - cuDNN benchmark mode enabled
2025-03-25 13:26:50,253 [INFO] - CPU: 16 cores available
2025-03-25 13:26:50,253 [INFO] - GPU: NVIDIA GeForce RTX 3060 Laptop GPU with 6.00GB memory
2025-03-25 13:26:50,253 [INFO] - RTX 3060 detected - using optimized settings
2025-03-25 13:26:50,253 [INFO] - Python version: 3.12.3 | packaged by conda-forge | (main, Apr 15 2024, 18:20:11) [MSC v.1938 64 bit (AMD64)]
2025-03-25 13:26:50,253 [INFO] - PyTorch version: 2.5.1
2025-03-25 13:26:50,253 [INFO] - Torchvision version: 0.20.1
2025-03-25 13:26:50,253 [INFO] - Configuration: {
    "seed": 42,
    "model_name": "efficientnet_b0_teacher",
    "dataset": "CIFAR-10",
    "use_amp": true,
    "memory_efficient_attention": false,
    "prefetch_factor": 2,
    "pin_memory": true,
    "persistent_workers": true,
    "batch_size": 128,
    "gradient_accumulation_steps": 1,
    "find_batch_size": false,
    "gpu_memory_fraction": 0.75,
    "input_size": 32,
    "efficientnet_input_size": 224,
    "num_workers": 4,
    "val_split": 0.1,
    "dataset_path": "C:\\Users\\Gading\\Downloads\\Research\\Dataset",
    "clear_cache_every_n_epochs": 2,
    "pretrained": true,
    "temperature": 1.0,
    "num_classes": 10,
    "use_zero_padding": false,
    "epochs": 50,
    "lr": 0.001,
    "weight_decay": 0.0001,
    "early_stop_patience": 10,
    "scheduler_T_max": 50,
    "ce_weight": 1.0,
    "cal_weight": 0.1,
    "use_curriculum": true,
    "curriculum_ramp_epochs": 30,
    "checkpoint_dir": "C:\\Users\\Gading\\Downloads\\Research\\Models\\EfficientNetB0\\checkpoints",
    "results_dir": "C:\\Users\\Gading\\Downloads\\Research\\Results\\EfficientNetB0",
    "export_dir": "C:\\Users\\Gading\\Downloads\\Research\\Models\\EfficientNetB0\\exports"
}
2025-03-25 13:26:50,253 [INFO] - Script saved to C:\Users\Gading\Downloads\Research\Scripts\efficientnet_b0_teacher_20250325_132650.py
2025-03-25 13:26:50,267 [INFO] - Random seed set to 42
2025-03-25 13:26:50,410 [INFO] - GPU cache cleared: 0.00MB → 0.00MB (freed 0.00MB)
2025-03-25 13:26:50,412 [INFO] - Random seed set to 42
2025-03-25 13:26:50,412 [INFO] - Using resize from 32x32 to 224x224
2025-03-25 13:26:52,318 [INFO] - Training samples: 45000
2025-03-25 13:26:52,319 [INFO] - Validation samples: 5000
2025-03-25 13:26:52,320 [INFO] - Test samples: 10000
2025-03-25 13:26:52,320 [INFO] - Loading pretrained EfficientNetB0 model...
2025-03-25 13:26:52,482 [INFO] - Model created: EfficientNetB0 adapted for CIFAR-10 with 10 classes
2025-03-25 13:26:52,615 [INFO] - Configuration saved to C:\Users\Gading\Downloads\Research\Results\EfficientNetB0\efficientnet_b0_teacher_20250325_132652_config.json
2025-03-25 13:26:52,616 [INFO] - Batch size: 128 with gradient accumulation steps: 1
2025-03-25 13:26:52,617 [INFO] - Effective batch size: 128
2025-03-25 13:26:52,618 [INFO] - GPU Memory: Current=15.57MB, Peak=15.57MB, Reserved=34.00MB
2025-03-25 13:26:52,618 [INFO] - Starting training...
2025-03-25 13:26:52,619 [INFO] - Epoch 1/50
2025-03-25 13:26:52,769 [INFO] - GPU cache cleared: 15.57MB → 15.57MB (freed 0.00MB)
2025-03-25 13:37:37,442 [INFO] - GPU cache cleared: 78.79MB → 78.79MB (freed 0.00MB)
2025-03-25 13:37:59,839 [INFO] - Train Loss: 0.3984, Train Acc: 86.84%
2025-03-25 13:37:59,839 [INFO] - Val Loss: 0.2309, Val Acc: 91.98%, Val F1: 0.9199, Val ECE: 0.0125
2025-03-25 13:37:59,839 [INFO] - Epoch time: 667.22s
2025-03-25 13:37:59,983 [INFO] - GPU cache cleared: 78.79MB → 78.79MB (freed 0.00MB)
2025-03-25 13:38:00,252 [INFO] - Best model saved with Val Loss: 0.2309
2025-03-25 13:38:00,253 [INFO] - GPU Memory: Current=78.79MB, Peak=5576.61MB, Reserved=148.00MB
2025-03-25 13:38:00,254 [INFO] - Epoch 2/50
2025-03-25 13:38:00,391 [INFO] - GPU cache cleared: 78.79MB → 78.79MB (freed 0.00MB)
2025-03-25 13:41:14,583 [INFO] - GPU cache cleared: 78.29MB → 78.29MB (freed 0.00MB)
2025-03-25 13:41:18,600 [INFO] - Train Loss: 0.2177, Train Acc: 92.66%
2025-03-25 13:41:18,600 [INFO] - Val Loss: 0.2107, Val Acc: 92.68%, Val F1: 0.9270, Val ECE: 0.0120
2025-03-25 13:41:18,600 [INFO] - Epoch time: 198.35s
2025-03-25 13:41:18,761 [INFO] - GPU cache cleared: 78.29MB → 78.29MB (freed 0.00MB)
2025-03-25 13:41:19,000 [INFO] - Best model saved with Val Loss: 0.2107
2025-03-25 13:41:19,003 [INFO] - GPU Memory: Current=78.29MB, Peak=5576.61MB, Reserved=132.00MB
2025-03-25 13:41:19,003 [INFO] - Epoch 3/50
2025-03-25 13:41:19,143 [INFO] - GPU cache cleared: 78.29MB → 78.29MB (freed 0.00MB)
2025-03-25 13:44:43,289 [INFO] - GPU cache cleared: 78.17MB → 78.17MB (freed 0.00MB)
2025-03-25 13:44:47,201 [INFO] - Train Loss: 0.1698, Train Acc: 94.26%
2025-03-25 13:44:47,202 [INFO] - Val Loss: 0.1907, Val Acc: 93.62%, Val F1: 0.9358, Val ECE: 0.0216
2025-03-25 13:44:47,202 [INFO] - Epoch time: 208.20s
2025-03-25 13:44:47,361 [INFO] - GPU cache cleared: 78.17MB → 78.17MB (freed 0.00MB)
2025-03-25 13:44:47,593 [INFO] - Best model saved with Val Loss: 0.1907
2025-03-25 13:44:47,594 [INFO] - GPU Memory: Current=78.17MB, Peak=5577.42MB, Reserved=120.00MB
2025-03-25 13:44:47,595 [INFO] - Epoch 4/50
2025-03-25 13:44:47,738 [INFO] - GPU cache cleared: 78.17MB → 78.17MB (freed 0.00MB)
2025-03-25 13:48:01,655 [INFO] - GPU cache cleared: 78.29MB → 78.29MB (freed 0.00MB)
2025-03-25 13:48:05,106 [INFO] - Train Loss: 0.1388, Train Acc: 95.32%
2025-03-25 13:48:05,106 [INFO] - Val Loss: 0.1558, Val Acc: 94.74%, Val F1: 0.9471, Val ECE: 0.0156
2025-03-25 13:48:05,107 [INFO] - Epoch time: 197.51s
2025-03-25 13:48:05,277 [INFO] - GPU cache cleared: 78.29MB → 78.29MB (freed 0.00MB)
2025-03-25 13:48:05,523 [INFO] - Best model saved with Val Loss: 0.1558
2025-03-25 13:48:05,523 [INFO] - GPU Memory: Current=78.29MB, Peak=5577.42MB, Reserved=132.00MB
2025-03-25 13:48:05,523 [INFO] - Epoch 5/50
2025-03-25 13:48:05,663 [INFO] - GPU cache cleared: 78.29MB → 78.29MB (freed 0.00MB)
2025-03-25 13:51:29,591 [INFO] - GPU cache cleared: 78.17MB → 78.17MB (freed 0.00MB)
2025-03-25 13:51:32,947 [INFO] - Train Loss: 0.1135, Train Acc: 96.07%
2025-03-25 13:51:32,948 [INFO] - Val Loss: 0.1674, Val Acc: 94.96%, Val F1: 0.9491, Val ECE: 0.0178
2025-03-25 13:51:32,948 [INFO] - Epoch time: 207.42s
2025-03-25 13:51:33,124 [INFO] - GPU cache cleared: 78.17MB → 78.17MB (freed 0.00MB)
2025-03-25 13:51:33,258 [INFO] - GPU Memory: Current=78.17MB, Peak=5577.42MB, Reserved=120.00MB
2025-03-25 13:51:33,258 [INFO] - Epoch 6/50
2025-03-25 13:51:33,395 [INFO] - GPU cache cleared: 78.17MB → 78.17MB (freed 0.00MB)
2025-03-25 13:54:49,262 [INFO] - GPU cache cleared: 78.29MB → 78.29MB (freed 0.00MB)
2025-03-25 13:54:53,381 [INFO] - Train Loss: 0.0968, Train Acc: 96.80%
2025-03-25 13:54:53,381 [INFO] - Val Loss: 0.1763, Val Acc: 94.30%, Val F1: 0.9424, Val ECE: 0.0216
2025-03-25 13:54:53,383 [INFO] - Epoch time: 200.12s
2025-03-25 13:54:53,550 [INFO] - GPU cache cleared: 78.29MB → 78.29MB (freed 0.00MB)
2025-03-25 13:54:53,665 [INFO] - GPU Memory: Current=78.29MB, Peak=5577.42MB, Reserved=132.00MB
2025-03-25 13:54:53,665 [INFO] - Epoch 7/50
2025-03-25 13:54:53,803 [INFO] - GPU cache cleared: 78.29MB → 78.29MB (freed 0.00MB)
2025-03-25 13:58:00,843 [INFO] - GPU cache cleared: 78.17MB → 78.17MB (freed 0.00MB)
2025-03-25 13:58:04,457 [INFO] - Train Loss: 0.0841, Train Acc: 97.25%
2025-03-25 13:58:04,458 [INFO] - Val Loss: 0.1710, Val Acc: 95.08%, Val F1: 0.9505, Val ECE: 0.0193
2025-03-25 13:58:04,458 [INFO] - Epoch time: 190.79s
2025-03-25 13:58:04,627 [INFO] - GPU cache cleared: 78.17MB → 78.17MB (freed 0.00MB)
2025-03-25 13:58:04,751 [INFO] - GPU Memory: Current=78.17MB, Peak=5577.42MB, Reserved=120.00MB
2025-03-25 13:58:04,753 [INFO] - Epoch 8/50
2025-03-25 13:58:04,893 [INFO] - GPU cache cleared: 78.17MB → 78.17MB (freed 0.00MB)
2025-03-25 14:01:18,404 [INFO] - GPU cache cleared: 78.29MB → 78.29MB (freed 0.00MB)
2025-03-25 14:01:22,803 [INFO] - Train Loss: 0.0754, Train Acc: 97.49%
2025-03-25 14:01:22,803 [INFO] - Val Loss: 0.1820, Val Acc: 95.04%, Val F1: 0.9498, Val ECE: 0.0207
2025-03-25 14:01:22,803 [INFO] - Epoch time: 198.05s
2025-03-25 14:01:22,971 [INFO] - GPU cache cleared: 78.29MB → 78.29MB (freed 0.00MB)
2025-03-25 14:01:23,105 [INFO] - GPU Memory: Current=78.29MB, Peak=5577.42MB, Reserved=132.00MB
2025-03-25 14:01:23,105 [INFO] - Epoch 9/50
2025-03-25 14:01:23,244 [INFO] - GPU cache cleared: 78.29MB → 78.29MB (freed 0.00MB)
2025-03-25 14:04:49,165 [INFO] - GPU cache cleared: 78.17MB → 78.17MB (freed 0.00MB)
2025-03-25 14:04:51,984 [INFO] - Train Loss: 0.0690, Train Acc: 97.61%
2025-03-25 14:04:51,984 [INFO] - Val Loss: 0.1713, Val Acc: 95.22%, Val F1: 0.9517, Val ECE: 0.0203
2025-03-25 14:04:51,991 [INFO] - Epoch time: 208.88s
2025-03-25 14:04:52,160 [INFO] - GPU cache cleared: 78.17MB → 78.17MB (freed 0.00MB)
2025-03-25 14:04:52,280 [INFO] - GPU Memory: Current=78.17MB, Peak=5577.42MB, Reserved=120.00MB
2025-03-25 14:04:52,282 [INFO] - Epoch 10/50
2025-03-25 14:04:52,417 [INFO] - GPU cache cleared: 78.17MB → 78.17MB (freed 0.00MB)
2025-03-25 14:08:04,501 [INFO] - GPU cache cleared: 78.29MB → 78.29MB (freed 0.00MB)
2025-03-25 14:08:07,283 [INFO] - Train Loss: 0.0607, Train Acc: 97.93%
2025-03-25 14:08:07,283 [INFO] - Val Loss: 0.1720, Val Acc: 95.10%, Val F1: 0.9505, Val ECE: 0.0228
2025-03-25 14:08:07,283 [INFO] - Epoch time: 195.00s
2025-03-25 14:08:07,457 [INFO] - GPU cache cleared: 78.29MB → 78.29MB (freed 0.00MB)
2025-03-25 14:08:07,582 [INFO] - GPU Memory: Current=78.29MB, Peak=5577.42MB, Reserved=132.00MB
2025-03-25 14:08:07,582 [INFO] - Epoch 11/50
2025-03-25 14:08:07,724 [INFO] - GPU cache cleared: 78.29MB → 78.29MB (freed 0.00MB)
2025-03-25 14:11:20,976 [INFO] - GPU cache cleared: 78.17MB → 78.17MB (freed 0.00MB)
2025-03-25 14:11:23,883 [INFO] - Train Loss: 0.0547, Train Acc: 98.12%
2025-03-25 14:11:23,883 [INFO] - Val Loss: 0.1464, Val Acc: 95.52%, Val F1: 0.9551, Val ECE: 0.0200
2025-03-25 14:11:23,883 [INFO] - Epoch time: 196.30s
2025-03-25 14:11:24,060 [INFO] - GPU cache cleared: 78.17MB → 78.17MB (freed 0.00MB)
2025-03-25 14:11:24,314 [INFO] - Best model saved with Val Loss: 0.1464
2025-03-25 14:11:24,315 [INFO] - GPU Memory: Current=78.17MB, Peak=5577.42MB, Reserved=120.00MB
2025-03-25 14:11:24,316 [INFO] - Epoch 12/50
2025-03-25 14:11:24,463 [INFO] - GPU cache cleared: 78.17MB → 78.17MB (freed 0.00MB)
2025-03-25 14:14:40,752 [INFO] - GPU cache cleared: 78.29MB → 78.29MB (freed 0.00MB)
2025-03-25 14:14:45,222 [INFO] - Train Loss: 0.0494, Train Acc: 98.34%
2025-03-25 14:14:45,222 [INFO] - Val Loss: 0.1629, Val Acc: 95.84%, Val F1: 0.9582, Val ECE: 0.0192
2025-03-25 14:14:45,222 [INFO] - Epoch time: 200.91s
2025-03-25 14:14:45,388 [INFO] - GPU cache cleared: 78.29MB → 78.29MB (freed 0.00MB)
2025-03-25 14:14:45,509 [INFO] - GPU Memory: Current=78.29MB, Peak=5577.42MB, Reserved=132.00MB
2025-03-25 14:14:45,510 [INFO] - Epoch 13/50
2025-03-25 14:14:45,650 [INFO] - GPU cache cleared: 78.29MB → 78.29MB (freed 0.00MB)
2025-03-25 14:18:08,811 [INFO] - GPU cache cleared: 78.17MB → 78.17MB (freed 0.00MB)
2025-03-25 14:18:12,603 [INFO] - Train Loss: 0.0454, Train Acc: 98.45%
2025-03-25 14:18:12,604 [INFO] - Val Loss: 0.1864, Val Acc: 95.04%, Val F1: 0.9504, Val ECE: 0.0250
2025-03-25 14:18:12,605 [INFO] - Epoch time: 207.09s
2025-03-25 14:18:12,762 [INFO] - GPU cache cleared: 78.17MB → 78.17MB (freed 0.00MB)
2025-03-25 14:18:12,902 [INFO] - GPU Memory: Current=78.17MB, Peak=5577.42MB, Reserved=120.00MB
2025-03-25 14:18:12,902 [INFO] - Epoch 14/50
2025-03-25 14:18:13,039 [INFO] - GPU cache cleared: 78.17MB → 78.17MB (freed 0.00MB)
2025-03-25 14:21:21,753 [INFO] - GPU cache cleared: 78.29MB → 78.29MB (freed 0.00MB)
2025-03-25 14:21:25,679 [INFO] - Train Loss: 0.0424, Train Acc: 98.61%
2025-03-25 14:21:25,680 [INFO] - Val Loss: 0.1512, Val Acc: 95.62%, Val F1: 0.9559, Val ECE: 0.0220
2025-03-25 14:21:25,680 [INFO] - Epoch time: 192.78s
2025-03-25 14:21:25,852 [INFO] - GPU cache cleared: 78.29MB → 78.29MB (freed 0.00MB)
2025-03-25 14:21:25,971 [INFO] - GPU Memory: Current=78.29MB, Peak=5577.42MB, Reserved=132.00MB
2025-03-25 14:21:25,971 [INFO] - Epoch 15/50
2025-03-25 14:21:26,109 [INFO] - GPU cache cleared: 78.29MB → 78.29MB (freed 0.00MB)
2025-03-25 14:24:31,070 [INFO] - GPU cache cleared: 78.17MB → 78.17MB (freed 0.00MB)
2025-03-25 14:24:34,264 [INFO] - Train Loss: 0.0355, Train Acc: 98.85%
2025-03-25 14:24:34,264 [INFO] - Val Loss: 0.1564, Val Acc: 96.02%, Val F1: 0.9601, Val ECE: 0.0203
2025-03-25 14:24:34,264 [INFO] - Epoch time: 188.29s
2025-03-25 14:24:34,434 [INFO] - GPU cache cleared: 78.17MB → 78.17MB (freed 0.00MB)
2025-03-25 14:24:34,552 [INFO] - GPU Memory: Current=78.17MB, Peak=5577.42MB, Reserved=120.00MB
2025-03-25 14:24:34,556 [INFO] - Epoch 16/50
2025-03-25 14:24:34,692 [INFO] - GPU cache cleared: 78.17MB → 78.17MB (freed 0.00MB)
2025-03-25 14:27:47,290 [INFO] - GPU cache cleared: 78.29MB → 78.29MB (freed 0.00MB)
2025-03-25 14:27:50,436 [INFO] - Train Loss: 0.0336, Train Acc: 98.93%
2025-03-25 14:27:50,436 [INFO] - Val Loss: 0.1650, Val Acc: 95.94%, Val F1: 0.9593, Val ECE: 0.0223
2025-03-25 14:27:50,436 [INFO] - Epoch time: 195.88s
2025-03-25 14:27:50,618 [INFO] - GPU cache cleared: 78.29MB → 78.29MB (freed 0.00MB)
2025-03-25 14:27:50,735 [INFO] - GPU Memory: Current=78.29MB, Peak=5577.42MB, Reserved=132.00MB
2025-03-25 14:27:50,735 [INFO] - Epoch 17/50
2025-03-25 14:27:50,878 [INFO] - GPU cache cleared: 78.29MB → 78.29MB (freed 0.00MB)
2025-03-25 14:31:12,468 [INFO] - GPU cache cleared: 78.17MB → 78.17MB (freed 0.00MB)
2025-03-25 14:31:15,385 [INFO] - Train Loss: 0.0305, Train Acc: 99.08%
2025-03-25 14:31:15,385 [INFO] - Val Loss: 0.1687, Val Acc: 96.14%, Val F1: 0.9611, Val ECE: 0.0221
2025-03-25 14:31:15,385 [INFO] - Epoch time: 204.65s
2025-03-25 14:31:15,557 [INFO] - GPU cache cleared: 78.17MB → 78.17MB (freed 0.00MB)
2025-03-25 14:31:15,684 [INFO] - GPU Memory: Current=78.17MB, Peak=5577.42MB, Reserved=120.00MB
2025-03-25 14:31:15,684 [INFO] - Epoch 18/50
2025-03-25 14:31:15,820 [INFO] - GPU cache cleared: 78.17MB → 78.17MB (freed 0.00MB)
2025-03-25 14:34:31,069 [INFO] - GPU cache cleared: 78.29MB → 78.29MB (freed 0.00MB)
2025-03-25 14:34:35,378 [INFO] - Train Loss: 0.0304, Train Acc: 99.04%
2025-03-25 14:34:35,379 [INFO] - Val Loss: 0.1558, Val Acc: 96.02%, Val F1: 0.9599, Val ECE: 0.0200
2025-03-25 14:34:35,379 [INFO] - Epoch time: 199.69s
2025-03-25 14:34:35,543 [INFO] - GPU cache cleared: 78.29MB → 78.29MB (freed 0.00MB)
2025-03-25 14:34:35,672 [INFO] - GPU Memory: Current=78.29MB, Peak=5577.42MB, Reserved=132.00MB
2025-03-25 14:34:35,672 [INFO] - Epoch 19/50
2025-03-25 14:34:35,811 [INFO] - GPU cache cleared: 78.29MB → 78.29MB (freed 0.00MB)
2025-03-25 14:37:52,311 [INFO] - GPU cache cleared: 78.17MB → 78.17MB (freed 0.00MB)
2025-03-25 14:37:55,637 [INFO] - Train Loss: 0.0246, Train Acc: 99.23%
2025-03-25 14:37:55,638 [INFO] - Val Loss: 0.1842, Val Acc: 95.62%, Val F1: 0.9555, Val ECE: 0.0251
2025-03-25 14:37:55,638 [INFO] - Epoch time: 199.96s
2025-03-25 14:37:55,803 [INFO] - GPU cache cleared: 78.17MB → 78.17MB (freed 0.00MB)
2025-03-25 14:37:55,933 [INFO] - GPU Memory: Current=78.17MB, Peak=5577.42MB, Reserved=120.00MB
2025-03-25 14:37:55,933 [INFO] - Epoch 20/50
2025-03-25 14:37:56,069 [INFO] - GPU cache cleared: 78.17MB → 78.17MB (freed 0.00MB)
2025-03-25 14:41:11,709 [INFO] - GPU cache cleared: 78.29MB → 78.29MB (freed 0.00MB)
2025-03-25 14:41:15,764 [INFO] - Train Loss: 0.0272, Train Acc: 99.14%
2025-03-25 14:41:15,764 [INFO] - Val Loss: 0.1658, Val Acc: 95.78%, Val F1: 0.9575, Val ECE: 0.0224
2025-03-25 14:41:15,765 [INFO] - Epoch time: 199.83s
2025-03-25 14:41:15,949 [INFO] - GPU cache cleared: 78.29MB → 78.29MB (freed 0.00MB)
2025-03-25 14:41:16,070 [INFO] - GPU Memory: Current=78.29MB, Peak=5577.42MB, Reserved=132.00MB
2025-03-25 14:41:16,071 [INFO] - Epoch 21/50
2025-03-25 14:41:16,210 [INFO] - GPU cache cleared: 78.29MB → 78.29MB (freed 0.00MB)
2025-03-25 14:44:29,750 [INFO] - GPU cache cleared: 78.17MB → 78.17MB (freed 0.00MB)
2025-03-25 14:44:33,489 [INFO] - Train Loss: 0.0214, Train Acc: 99.36%
2025-03-25 14:44:33,489 [INFO] - Val Loss: 0.1483, Val Acc: 96.14%, Val F1: 0.9611, Val ECE: 0.0198
2025-03-25 14:44:33,489 [INFO] - Epoch time: 197.42s
2025-03-25 14:44:33,657 [INFO] - GPU cache cleared: 78.17MB → 78.17MB (freed 0.00MB)
2025-03-25 14:44:33,796 [INFO] - GPU Memory: Current=78.17MB, Peak=5577.42MB, Reserved=120.00MB
2025-03-25 14:44:33,797 [INFO] - Early stopping after 21 epochs
2025-03-25 14:44:33,797 [INFO] - Loading best model for final evaluation...
2025-03-25 14:44:34,102 [INFO] - GPU cache cleared: 125.01MB → 125.01MB (freed 0.00MB)
2025-03-25 14:44:57,482 [INFO] - Test Metrics: {'loss': 0.1796607953979622, 'accuracy': 94.94, 'f1_score': 0.9495503992447436, 'precision': 0.9501927517398798, 'recall': 0.9494, 'ece': 0.025398386642336845}
2025-03-25 14:44:57,487 [INFO] - GPU Memory: Current=125.01MB, Peak=5577.42MB, Reserved=168.00MB
2025-03-25 14:44:57,488 [INFO] - Training completed!
2025-03-25 14:45:01,349 [INFO] - Plot saved to C:\Users\Gading\Downloads\Research\Results\EfficientNetB0\efficientnet_b0_teacher_20250325_144459_training_plot.png
2025-03-25 14:45:01,906 [INFO] - GPU cache cleared: 47.43MB → 47.43MB (freed 0.00MB)
2025-03-25 14:45:01,908 [INFO] - Using resize from 32x32 to 224x224
2025-03-25 14:45:03,454 [INFO] - Training samples: 45000
2025-03-25 14:45:03,455 [INFO] - Validation samples: 5000
2025-03-25 14:45:03,456 [INFO] - Test samples: 10000
2025-03-25 14:45:23,377 [INFO] - Calibration curve saved to C:\Users\Gading\Downloads\Research\Results\EfficientNetB0\efficientnet_b0_teacher_20250325_144459_calibration_curve.png
2025-03-25 14:45:25,156 [INFO] - Script completed successfully
2025-05-08 10:33:21,279 [INFO] - Using device: cuda
2025-05-08 10:33:21,284 [INFO] - GPU: NVIDIA GeForce RTX 3060 Laptop GPU
2025-05-08 10:33:21,284 [INFO] - GPU Memory: 6.00 GB
2025-05-08 10:33:21,284 [INFO] - CUDA Version: 11.8
2025-05-08 10:33:21,284 [INFO] - cuDNN benchmark mode enabled
2025-05-08 10:33:21,284 [INFO] - CPU: 16 cores available
2025-05-08 10:33:21,284 [INFO] - GPU: NVIDIA GeForce RTX 3060 Laptop GPU with 6.00GB memory
2025-05-08 10:33:21,284 [INFO] - RTX 3060 detected - using optimized settings
2025-05-08 10:33:21,284 [INFO] - Python version: 3.12.3 | packaged by conda-forge | (main, Apr 15 2024, 18:20:11) [MSC v.1938 64 bit (AMD64)]
2025-05-08 10:33:21,284 [INFO] - PyTorch version: 2.5.1
2025-05-08 10:33:21,284 [INFO] - Torchvision version: 0.20.1
2025-05-08 10:33:21,284 [INFO] - Configuration: {
    "seed": 42,
    "model_name": "efficientnet_b0_teacher",
    "dataset": "CIFAR-10",
    "use_amp": true,
    "memory_efficient_attention": false,
    "prefetch_factor": 2,
    "pin_memory": true,
    "persistent_workers": true,
    "batch_size": 128,
    "gradient_accumulation_steps": 1,
    "find_batch_size": false,
    "gpu_memory_fraction": 0.75,
    "input_size": 64,
    "efficientnet_input_size": 224,
    "num_workers": 4,
    "val_split": 0.1,
    "dataset_path": "C:\\Users\\Gading\\Downloads\\Research\\Dataset",
    "clear_cache_every_n_epochs": 2,
    "pretrained": true,
    "temperature": 1.0,
    "num_classes": 10,
    "use_zero_padding": false,
    "epochs": 50,
    "lr": 0.001,
    "weight_decay": 0.0001,
    "early_stop_patience": 10,
    "scheduler_T_max": 50,
    "ce_weight": 1.0,
    "cal_weight": 0.1,
    "use_curriculum": true,
    "curriculum_ramp_epochs": 30,
    "checkpoint_dir": "C:\\Users\\Gading\\Downloads\\Research\\Models\\EfficientNetB0\\checkpoints",
    "results_dir": "C:\\Users\\Gading\\Downloads\\Research\\Results\\EfficientNetB0",
    "export_dir": "C:\\Users\\Gading\\Downloads\\Research\\Models\\EfficientNetB0\\exports"
}
2025-05-08 10:33:21,288 [INFO] - Script saved to C:\Users\Gading\Downloads\Research\Scripts\efficientnet_b0_teacher_20250508_103321.py
2025-05-08 10:33:21,288 [INFO] - Random seed set to 42
2025-05-08 10:33:21,398 [INFO] - GPU cache cleared: 0.00MB → 0.00MB (freed 0.00MB)
2025-05-08 10:33:21,398 [INFO] - Random seed set to 42
2025-05-08 10:33:21,413 [INFO] - Using resize from 64x64 to 224x224
2025-05-08 10:33:22,961 [INFO] - Training samples: 45000
2025-05-08 10:33:22,961 [INFO] - Validation samples: 5000
2025-05-08 10:33:22,961 [INFO] - Test samples: 10000
2025-05-08 10:33:22,961 [INFO] - Loading pretrained EfficientNetB0 model...
2025-05-08 10:33:23,107 [INFO] - Model created: EfficientNetB0 adapted for CIFAR-10 with 10 classes
2025-05-08 10:33:23,220 [INFO] - Configuration saved to C:\Users\Gading\Downloads\Research\Results\EfficientNetB0\efficientnet_b0_teacher_20250508_103323_config.json
2025-05-08 10:33:23,220 [INFO] - Batch size: 128 with gradient accumulation steps: 1
2025-05-08 10:33:23,220 [INFO] - Effective batch size: 128
2025-05-08 10:33:23,220 [INFO] - GPU Memory: Current=15.57MB, Peak=15.57MB, Reserved=34.00MB
2025-05-08 10:33:23,220 [INFO] - Starting training...
2025-05-08 10:33:23,220 [INFO] - Epoch 1/50
2025-05-08 10:33:23,367 [INFO] - GPU cache cleared: 15.57MB → 15.57MB (freed 0.00MB)
2025-05-08 10:33:28,812 [INFO] - Using device: cuda
2025-05-08 10:33:28,812 [INFO] - GPU: NVIDIA GeForce RTX 3060 Laptop GPU
2025-05-08 10:33:28,812 [INFO] - GPU Memory: 6.00 GB
2025-05-08 10:33:28,812 [INFO] - CUDA Version: 11.8
2025-05-08 10:33:28,812 [INFO] - cuDNN benchmark mode enabled
2025-05-08 10:33:34,066 [INFO] - Using device: cuda
2025-05-08 10:33:34,082 [INFO] - GPU: NVIDIA GeForce RTX 3060 Laptop GPU
2025-05-08 10:33:34,082 [INFO] - GPU Memory: 6.00 GB
2025-05-08 10:33:34,082 [INFO] - CUDA Version: 11.8
2025-05-08 10:33:34,082 [INFO] - cuDNN benchmark mode enabled
2025-05-08 10:33:39,210 [INFO] - Using device: cuda
2025-05-08 10:33:39,225 [INFO] - GPU: NVIDIA GeForce RTX 3060 Laptop GPU
2025-05-08 10:33:39,225 [INFO] - GPU Memory: 6.00 GB
2025-05-08 10:33:39,225 [INFO] - CUDA Version: 11.8
2025-05-08 10:33:39,225 [INFO] - cuDNN benchmark mode enabled
2025-05-08 10:33:44,205 [INFO] - Using device: cuda
2025-05-08 10:33:44,205 [INFO] - GPU: NVIDIA GeForce RTX 3060 Laptop GPU
2025-05-08 10:33:44,205 [INFO] - GPU Memory: 6.00 GB
2025-05-08 10:33:44,205 [INFO] - CUDA Version: 11.8
2025-05-08 10:33:44,205 [INFO] - cuDNN benchmark mode enabled
2025-05-08 10:34:11,771 [INFO] - Using device: cuda
2025-05-08 10:34:11,778 [INFO] - GPU: NVIDIA GeForce RTX 3060 Laptop GPU
2025-05-08 10:34:11,778 [INFO] - GPU Memory: 6.00 GB
2025-05-08 10:34:11,778 [INFO] - CUDA Version: 11.8
2025-05-08 10:34:11,778 [INFO] - cuDNN benchmark mode enabled
2025-05-08 10:34:11,778 [INFO] - CPU: 16 cores available
2025-05-08 10:34:11,778 [INFO] - GPU: NVIDIA GeForce RTX 3060 Laptop GPU with 6.00GB memory
2025-05-08 10:34:11,778 [INFO] - RTX 3060 detected - using optimized settings
2025-05-08 10:34:11,778 [INFO] - Python version: 3.12.3 | packaged by conda-forge | (main, Apr 15 2024, 18:20:11) [MSC v.1938 64 bit (AMD64)]
2025-05-08 10:34:11,778 [INFO] - PyTorch version: 2.5.1
2025-05-08 10:34:11,778 [INFO] - Torchvision version: 0.20.1
2025-05-08 10:34:11,778 [INFO] - Configuration: {
    "seed": 42,
    "model_name": "efficientnet_b0_teacher",
    "dataset": "CIFAR-10",
    "use_amp": true,
    "memory_efficient_attention": false,
    "prefetch_factor": 2,
    "pin_memory": true,
    "persistent_workers": true,
    "batch_size": 128,
    "gradient_accumulation_steps": 1,
    "find_batch_size": false,
    "gpu_memory_fraction": 0.75,
    "input_size": 64,
    "efficientnet_input_size": 224,
    "num_workers": 0,
    "val_split": 0.1,
    "dataset_path": "C:\\Users\\Gading\\Downloads\\Research\\Dataset",
    "clear_cache_every_n_epochs": 2,
    "pretrained": true,
    "temperature": 1.0,
    "num_classes": 10,
    "use_zero_padding": false,
    "epochs": 50,
    "lr": 0.001,
    "weight_decay": 0.0001,
    "early_stop_patience": 10,
    "scheduler_T_max": 50,
    "ce_weight": 1.0,
    "cal_weight": 0.1,
    "use_curriculum": true,
    "curriculum_ramp_epochs": 30,
    "checkpoint_dir": "C:\\Users\\Gading\\Downloads\\Research\\Models\\EfficientNetB0\\checkpoints",
    "results_dir": "C:\\Users\\Gading\\Downloads\\Research\\Results\\EfficientNetB0",
    "export_dir": "C:\\Users\\Gading\\Downloads\\Research\\Models\\EfficientNetB0\\exports"
}
2025-05-08 10:34:11,778 [INFO] - Script saved to C:\Users\Gading\Downloads\Research\Scripts\efficientnet_b0_teacher_20250508_103411.py
2025-05-08 10:34:11,778 [INFO] - Random seed set to 42
2025-05-08 10:34:11,893 [INFO] - GPU cache cleared: 0.00MB → 0.00MB (freed 0.00MB)
2025-05-08 10:34:11,893 [INFO] - Random seed set to 42
2025-05-08 10:34:11,893 [INFO] - Using resize from 64x64 to 224x224
2025-05-08 10:34:13,299 [INFO] - Training samples: 45000
2025-05-08 10:34:13,299 [INFO] - Validation samples: 5000
2025-05-08 10:34:13,299 [INFO] - Test samples: 10000
2025-05-08 10:34:13,299 [INFO] - Loading pretrained EfficientNetB0 model...
2025-05-08 10:34:13,398 [INFO] - Model created: EfficientNetB0 adapted for CIFAR-10 with 10 classes
2025-05-08 10:34:13,494 [INFO] - Configuration saved to C:\Users\Gading\Downloads\Research\Results\EfficientNetB0\efficientnet_b0_teacher_20250508_103413_config.json
2025-05-08 10:34:13,494 [INFO] - Batch size: 128 with gradient accumulation steps: 1
2025-05-08 10:34:13,494 [INFO] - Effective batch size: 128
2025-05-08 10:34:13,494 [INFO] - GPU Memory: Current=15.57MB, Peak=15.57MB, Reserved=34.00MB
2025-05-08 10:34:13,494 [INFO] - Starting training...
2025-05-08 10:34:13,494 [INFO] - Epoch 1/50
2025-05-08 10:34:13,600 [INFO] - GPU cache cleared: 15.57MB → 15.57MB (freed 0.00MB)
2025-05-08 10:38:59,580 [INFO] - GPU cache cleared: 78.79MB → 78.79MB (freed 0.00MB)
2025-05-08 10:39:06,679 [INFO] - Train Loss: 0.3911, Train Acc: 87.04%
2025-05-08 10:39:06,689 [INFO] - Val Loss: 0.2491, Val Acc: 91.46%, Val F1: 0.9144, Val ECE: 0.0264
2025-05-08 10:39:06,689 [INFO] - Epoch time: 293.18s
2025-05-08 10:39:06,837 [INFO] - GPU cache cleared: 78.79MB → 78.79MB (freed 0.00MB)
2025-05-08 10:39:07,066 [INFO] - Best model saved with Val Loss: 0.2491
2025-05-08 10:39:07,066 [INFO] - GPU Memory: Current=78.79MB, Peak=5576.61MB, Reserved=148.00MB
2025-05-08 10:39:07,066 [INFO] - Epoch 2/50
2025-05-08 10:39:07,185 [INFO] - GPU cache cleared: 78.79MB → 78.79MB (freed 0.00MB)
2025-05-08 10:42:01,903 [INFO] - GPU cache cleared: 78.33MB → 78.33MB (freed 0.00MB)
2025-05-08 10:42:08,294 [INFO] - Train Loss: 0.2185, Train Acc: 92.77%
2025-05-08 10:42:08,294 [INFO] - Val Loss: 0.1940, Val Acc: 93.16%, Val F1: 0.9314, Val ECE: 0.0235
2025-05-08 10:42:08,294 [INFO] - Epoch time: 181.23s
2025-05-08 10:42:08,436 [INFO] - GPU cache cleared: 78.33MB → 78.33MB (freed 0.00MB)
2025-05-08 10:42:08,660 [INFO] - Best model saved with Val Loss: 0.1940
2025-05-08 10:42:08,660 [INFO] - GPU Memory: Current=78.33MB, Peak=5576.61MB, Reserved=154.00MB
2025-05-08 10:42:08,670 [INFO] - Epoch 3/50
2025-05-08 10:42:08,776 [INFO] - GPU cache cleared: 78.33MB → 78.33MB (freed 0.00MB)
2025-05-08 10:45:31,425 [INFO] - GPU cache cleared: 78.17MB → 78.17MB (freed 0.00MB)
2025-05-08 10:45:37,395 [INFO] - Train Loss: 0.1661, Train Acc: 94.37%
2025-05-08 10:45:37,395 [INFO] - Val Loss: 0.1676, Val Acc: 94.44%, Val F1: 0.9440, Val ECE: 0.0157
2025-05-08 10:45:37,395 [INFO] - Epoch time: 208.72s
2025-05-08 10:45:37,523 [INFO] - GPU cache cleared: 78.17MB → 78.17MB (freed 0.00MB)
2025-05-08 10:45:37,764 [INFO] - Best model saved with Val Loss: 0.1676
2025-05-08 10:45:37,764 [INFO] - GPU Memory: Current=78.17MB, Peak=5576.61MB, Reserved=120.00MB
2025-05-08 10:45:37,764 [INFO] - Epoch 4/50
2025-05-08 10:45:37,877 [INFO] - GPU cache cleared: 78.17MB → 78.17MB (freed 0.00MB)
2025-05-08 10:48:28,298 [INFO] - GPU cache cleared: 78.33MB → 78.33MB (freed 0.00MB)
2025-05-08 10:48:34,673 [INFO] - Train Loss: 0.1348, Train Acc: 95.40%
2025-05-08 10:48:34,673 [INFO] - Val Loss: 0.1652, Val Acc: 94.54%, Val F1: 0.9449, Val ECE: 0.0153
2025-05-08 10:48:34,673 [INFO] - Epoch time: 176.91s
2025-05-08 10:48:34,805 [INFO] - GPU cache cleared: 78.33MB → 78.33MB (freed 0.00MB)
2025-05-08 10:48:35,040 [INFO] - Best model saved with Val Loss: 0.1652
2025-05-08 10:48:35,050 [INFO] - GPU Memory: Current=78.33MB, Peak=5576.61MB, Reserved=154.00MB
2025-05-08 10:48:35,050 [INFO] - Epoch 5/50
2025-05-08 10:48:35,153 [INFO] - GPU cache cleared: 78.33MB → 78.33MB (freed 0.00MB)
2025-05-08 10:51:52,088 [INFO] - GPU cache cleared: 78.17MB → 78.17MB (freed 0.00MB)
2025-05-08 10:51:58,025 [INFO] - Train Loss: 0.1139, Train Acc: 96.06%
2025-05-08 10:51:58,025 [INFO] - Val Loss: 0.1780, Val Acc: 94.26%, Val F1: 0.9426, Val ECE: 0.0240
2025-05-08 10:51:58,025 [INFO] - Epoch time: 202.97s
2025-05-08 10:51:58,159 [INFO] - GPU cache cleared: 78.17MB → 78.17MB (freed 0.00MB)
2025-05-08 10:51:58,269 [INFO] - GPU Memory: Current=78.17MB, Peak=5576.61MB, Reserved=120.00MB
2025-05-08 10:51:58,269 [INFO] - Epoch 6/50
2025-05-08 10:51:58,382 [INFO] - GPU cache cleared: 78.17MB → 78.17MB (freed 0.00MB)
2025-05-08 10:54:49,032 [INFO] - GPU cache cleared: 78.33MB → 78.33MB (freed 0.00MB)
2025-05-08 10:54:55,346 [INFO] - Train Loss: 0.0973, Train Acc: 96.69%
2025-05-08 10:54:55,346 [INFO] - Val Loss: 0.1712, Val Acc: 94.84%, Val F1: 0.9484, Val ECE: 0.0223
2025-05-08 10:54:55,346 [INFO] - Epoch time: 177.08s
2025-05-08 10:54:55,482 [INFO] - GPU cache cleared: 78.33MB → 78.33MB (freed 0.00MB)
2025-05-08 10:54:55,610 [INFO] - GPU Memory: Current=78.33MB, Peak=5576.61MB, Reserved=154.00MB
2025-05-08 10:54:55,610 [INFO] - Epoch 7/50
2025-05-08 10:54:55,719 [INFO] - GPU cache cleared: 78.33MB → 78.33MB (freed 0.00MB)
2025-05-08 10:58:15,300 [INFO] - GPU cache cleared: 78.17MB → 78.17MB (freed 0.00MB)
2025-05-08 10:58:21,257 [INFO] - Train Loss: 0.0860, Train Acc: 97.07%
2025-05-08 10:58:21,257 [INFO] - Val Loss: 0.1669, Val Acc: 94.44%, Val F1: 0.9440, Val ECE: 0.0244
2025-05-08 10:58:21,257 [INFO] - Epoch time: 205.65s
2025-05-08 10:58:21,379 [INFO] - GPU cache cleared: 78.17MB → 78.17MB (freed 0.00MB)
2025-05-08 10:58:21,511 [INFO] - GPU Memory: Current=78.17MB, Peak=5576.61MB, Reserved=120.00MB
2025-05-08 10:58:21,511 [INFO] - Epoch 8/50
2025-05-08 10:58:21,615 [INFO] - GPU cache cleared: 78.17MB → 78.17MB (freed 0.00MB)
2025-05-08 11:01:10,615 [INFO] - GPU cache cleared: 78.33MB → 78.33MB (freed 0.00MB)
2025-05-08 11:01:16,648 [INFO] - Train Loss: 0.0721, Train Acc: 97.52%
2025-05-08 11:01:16,648 [INFO] - Val Loss: 0.1673, Val Acc: 95.00%, Val F1: 0.9499, Val ECE: 0.0206
2025-05-08 11:01:16,648 [INFO] - Epoch time: 175.14s
2025-05-08 11:01:16,772 [INFO] - GPU cache cleared: 78.33MB → 78.33MB (freed 0.00MB)
2025-05-08 11:01:16,888 [INFO] - GPU Memory: Current=78.33MB, Peak=5576.61MB, Reserved=154.00MB
2025-05-08 11:01:16,888 [INFO] - Epoch 9/50
2025-05-08 11:01:17,009 [INFO] - GPU cache cleared: 78.33MB → 78.33MB (freed 0.00MB)
2025-05-08 11:04:27,586 [INFO] - GPU cache cleared: 78.17MB → 78.17MB (freed 0.00MB)
2025-05-08 11:04:33,552 [INFO] - Train Loss: 0.0673, Train Acc: 97.79%
2025-05-08 11:04:33,552 [INFO] - Val Loss: 0.1505, Val Acc: 95.52%, Val F1: 0.9548, Val ECE: 0.0190
2025-05-08 11:04:33,552 [INFO] - Epoch time: 196.66s
2025-05-08 11:04:33,675 [INFO] - GPU cache cleared: 78.17MB → 78.17MB (freed 0.00MB)
2025-05-08 11:04:33,918 [INFO] - Best model saved with Val Loss: 0.1505
2025-05-08 11:04:33,918 [INFO] - GPU Memory: Current=78.17MB, Peak=5576.61MB, Reserved=120.00MB
2025-05-08 11:04:33,918 [INFO] - Epoch 10/50
2025-05-08 11:04:34,030 [INFO] - GPU cache cleared: 78.17MB → 78.17MB (freed 0.00MB)
2025-05-08 11:07:25,850 [INFO] - GPU cache cleared: 78.33MB → 78.33MB (freed 0.00MB)
2025-05-08 11:07:31,826 [INFO] - Train Loss: 0.0624, Train Acc: 97.86%
2025-05-08 11:07:31,826 [INFO] - Val Loss: 0.1487, Val Acc: 95.90%, Val F1: 0.9589, Val ECE: 0.0180
2025-05-08 11:07:31,826 [INFO] - Epoch time: 177.91s
2025-05-08 11:07:31,948 [INFO] - GPU cache cleared: 78.33MB → 78.33MB (freed 0.00MB)
2025-05-08 11:07:32,191 [INFO] - Best model saved with Val Loss: 0.1487
2025-05-08 11:07:32,191 [INFO] - GPU Memory: Current=78.33MB, Peak=5576.61MB, Reserved=154.00MB
2025-05-08 11:07:32,197 [INFO] - Epoch 11/50
2025-05-08 11:07:32,306 [INFO] - GPU cache cleared: 78.33MB → 78.33MB (freed 0.00MB)
2025-05-08 11:10:40,397 [INFO] - GPU cache cleared: 78.17MB → 78.17MB (freed 0.00MB)
2025-05-08 11:10:46,307 [INFO] - Train Loss: 0.0544, Train Acc: 98.16%
2025-05-08 11:10:46,307 [INFO] - Val Loss: 0.1511, Val Acc: 95.58%, Val F1: 0.9553, Val ECE: 0.0209
2025-05-08 11:10:46,307 [INFO] - Epoch time: 194.11s
2025-05-08 11:10:46,446 [INFO] - GPU cache cleared: 78.17MB → 78.17MB (freed 0.00MB)
2025-05-08 11:10:46,565 [INFO] - GPU Memory: Current=78.17MB, Peak=5576.61MB, Reserved=120.00MB
2025-05-08 11:10:46,565 [INFO] - Epoch 12/50
2025-05-08 11:10:46,678 [INFO] - GPU cache cleared: 78.17MB → 78.17MB (freed 0.00MB)
2025-05-08 11:13:36,669 [INFO] - GPU cache cleared: 78.33MB → 78.33MB (freed 0.00MB)
2025-05-08 11:13:42,925 [INFO] - Train Loss: 0.0477, Train Acc: 98.34%
2025-05-08 11:13:42,925 [INFO] - Val Loss: 0.1517, Val Acc: 95.70%, Val F1: 0.9569, Val ECE: 0.0167
2025-05-08 11:13:42,925 [INFO] - Epoch time: 176.36s
2025-05-08 11:13:43,056 [INFO] - GPU cache cleared: 78.33MB → 78.33MB (freed 0.00MB)
2025-05-08 11:13:43,189 [INFO] - GPU Memory: Current=78.33MB, Peak=5576.61MB, Reserved=154.00MB
2025-05-08 11:13:43,189 [INFO] - Epoch 13/50
2025-05-08 11:13:43,291 [INFO] - GPU cache cleared: 78.33MB → 78.33MB (freed 0.00MB)
2025-05-08 11:16:53,801 [INFO] - GPU cache cleared: 78.17MB → 78.17MB (freed 0.00MB)
2025-05-08 11:16:59,763 [INFO] - Train Loss: 0.0428, Train Acc: 98.55%
2025-05-08 11:16:59,763 [INFO] - Val Loss: 0.1674, Val Acc: 95.38%, Val F1: 0.9536, Val ECE: 0.0236
2025-05-08 11:16:59,763 [INFO] - Epoch time: 196.57s
2025-05-08 11:16:59,885 [INFO] - GPU cache cleared: 78.17MB → 78.17MB (freed 0.00MB)
2025-05-08 11:17:00,011 [INFO] - GPU Memory: Current=78.17MB, Peak=5576.61MB, Reserved=120.00MB
2025-05-08 11:17:00,011 [INFO] - Epoch 14/50
2025-05-08 11:17:00,119 [INFO] - GPU cache cleared: 78.17MB → 78.17MB (freed 0.00MB)
2025-05-08 11:19:47,344 [INFO] - GPU cache cleared: 78.33MB → 78.33MB (freed 0.00MB)
2025-05-08 11:19:53,583 [INFO] - Train Loss: 0.0405, Train Acc: 98.59%
2025-05-08 11:19:53,583 [INFO] - Val Loss: 0.1622, Val Acc: 95.84%, Val F1: 0.9582, Val ECE: 0.0197
2025-05-08 11:19:53,583 [INFO] - Epoch time: 173.57s
2025-05-08 11:19:53,715 [INFO] - GPU cache cleared: 78.33MB → 78.33MB (freed 0.00MB)
2025-05-08 11:19:53,837 [INFO] - GPU Memory: Current=78.33MB, Peak=5576.61MB, Reserved=154.00MB
2025-05-08 11:19:53,838 [INFO] - Epoch 15/50
2025-05-08 11:19:53,940 [INFO] - GPU cache cleared: 78.33MB → 78.33MB (freed 0.00MB)
2025-05-08 11:23:07,686 [INFO] - GPU cache cleared: 78.17MB → 78.17MB (freed 0.00MB)
2025-05-08 11:23:13,598 [INFO] - Train Loss: 0.0381, Train Acc: 98.71%
2025-05-08 11:23:13,598 [INFO] - Val Loss: 0.1583, Val Acc: 95.48%, Val F1: 0.9547, Val ECE: 0.0209
2025-05-08 11:23:13,600 [INFO] - Epoch time: 199.76s
2025-05-08 11:23:13,723 [INFO] - GPU cache cleared: 78.17MB → 78.17MB (freed 0.00MB)
2025-05-08 11:23:13,835 [INFO] - GPU Memory: Current=78.17MB, Peak=5576.61MB, Reserved=120.00MB
2025-05-08 11:23:13,846 [INFO] - Epoch 16/50
2025-05-08 11:23:13,948 [INFO] - GPU cache cleared: 78.17MB → 78.17MB (freed 0.00MB)
2025-05-08 11:26:01,536 [INFO] - GPU cache cleared: 78.33MB → 78.33MB (freed 0.00MB)
2025-05-08 11:26:07,798 [INFO] - Train Loss: 0.0341, Train Acc: 98.83%
2025-05-08 11:26:07,800 [INFO] - Val Loss: 0.1590, Val Acc: 95.80%, Val F1: 0.9579, Val ECE: 0.0215
2025-05-08 11:26:07,800 [INFO] - Epoch time: 173.95s
2025-05-08 11:26:07,923 [INFO] - GPU cache cleared: 78.33MB → 78.33MB (freed 0.00MB)
2025-05-08 11:26:08,045 [INFO] - GPU Memory: Current=78.33MB, Peak=5576.61MB, Reserved=154.00MB
2025-05-08 11:26:08,045 [INFO] - Epoch 17/50
2025-05-08 11:26:08,162 [INFO] - GPU cache cleared: 78.33MB → 78.33MB (freed 0.00MB)
2025-05-08 11:29:18,569 [INFO] - GPU cache cleared: 78.17MB → 78.17MB (freed 0.00MB)
2025-05-08 11:29:24,546 [INFO] - Train Loss: 0.0334, Train Acc: 98.88%
2025-05-08 11:29:24,546 [INFO] - Val Loss: 0.1574, Val Acc: 95.86%, Val F1: 0.9586, Val ECE: 0.0201
2025-05-08 11:29:24,546 [INFO] - Epoch time: 196.50s
2025-05-08 11:29:24,679 [INFO] - GPU cache cleared: 78.17MB → 78.17MB (freed 0.00MB)
2025-05-08 11:29:24,800 [INFO] - GPU Memory: Current=78.17MB, Peak=5576.61MB, Reserved=120.00MB
2025-05-08 11:29:24,800 [INFO] - Epoch 18/50
2025-05-08 11:29:24,919 [INFO] - GPU cache cleared: 78.17MB → 78.17MB (freed 0.00MB)
2025-05-08 11:32:12,105 [INFO] - GPU cache cleared: 78.33MB → 78.33MB (freed 0.00MB)
2025-05-08 11:32:18,347 [INFO] - Train Loss: 0.0291, Train Acc: 99.03%
2025-05-08 11:32:18,347 [INFO] - Val Loss: 0.1653, Val Acc: 95.80%, Val F1: 0.9577, Val ECE: 0.0239
2025-05-08 11:32:18,347 [INFO] - Epoch time: 173.55s
2025-05-08 11:32:18,471 [INFO] - GPU cache cleared: 78.33MB → 78.33MB (freed 0.00MB)
2025-05-08 11:32:18,592 [INFO] - GPU Memory: Current=78.33MB, Peak=5576.61MB, Reserved=154.00MB
2025-05-08 11:32:18,592 [INFO] - Epoch 19/50
2025-05-08 11:32:18,710 [INFO] - GPU cache cleared: 78.33MB → 78.33MB (freed 0.00MB)
2025-05-08 11:35:26,667 [INFO] - GPU cache cleared: 78.17MB → 78.17MB (freed 0.00MB)
2025-05-08 11:35:32,640 [INFO] - Train Loss: 0.0282, Train Acc: 99.09%
2025-05-08 11:35:32,640 [INFO] - Val Loss: 0.1871, Val Acc: 95.54%, Val F1: 0.9550, Val ECE: 0.0237
2025-05-08 11:35:32,640 [INFO] - Epoch time: 194.05s
2025-05-08 11:35:32,772 [INFO] - GPU cache cleared: 78.17MB → 78.17MB (freed 0.00MB)
2025-05-08 11:35:32,885 [INFO] - GPU Memory: Current=78.17MB, Peak=5576.61MB, Reserved=120.00MB
2025-05-08 11:35:32,885 [INFO] - Epoch 20/50
2025-05-08 11:35:33,002 [INFO] - GPU cache cleared: 78.17MB → 78.17MB (freed 0.00MB)
2025-05-08 11:38:20,585 [INFO] - GPU cache cleared: 78.33MB → 78.33MB (freed 0.00MB)
2025-05-08 11:38:26,860 [INFO] - Train Loss: 0.0224, Train Acc: 99.25%
2025-05-08 11:38:26,860 [INFO] - Val Loss: 0.1692, Val Acc: 95.94%, Val F1: 0.9593, Val ECE: 0.0214
2025-05-08 11:38:26,860 [INFO] - Epoch time: 173.97s
2025-05-08 11:38:26,981 [INFO] - GPU cache cleared: 78.33MB → 78.33MB (freed 0.00MB)
2025-05-08 11:38:27,115 [INFO] - GPU Memory: Current=78.33MB, Peak=5576.61MB, Reserved=154.00MB
2025-05-08 11:38:27,116 [INFO] - Early stopping after 20 epochs
2025-05-08 11:38:27,117 [INFO] - Loading best model for final evaluation...
2025-05-08 11:38:27,394 [INFO] - GPU cache cleared: 125.17MB → 125.17MB (freed 0.00MB)
2025-05-08 11:38:40,719 [INFO] - Test Metrics: {'loss': 0.17130741736368288, 'accuracy': 95.23, 'f1_score': 0.95235993771805, 'precision': 0.9528820477663039, 'recall': 0.9522999999999999, 'ece': 0.02229820005595684}
2025-05-08 11:38:40,719 [INFO] - GPU Memory: Current=125.17MB, Peak=5576.61MB, Reserved=202.00MB
2025-05-08 11:38:40,719 [INFO] - Training completed!
2025-05-08 11:38:42,211 [INFO] - Plot saved to C:\Users\Gading\Downloads\Research\Results\EfficientNetB0\efficientnet_b0_teacher_20250508_113840_training_plot.png
2025-05-08 11:39:10,987 [INFO] - GPU cache cleared: 47.59MB → 47.59MB (freed 0.00MB)
2025-05-08 11:39:10,987 [INFO] - Using resize from 64x64 to 224x224
2025-05-08 11:39:12,413 [INFO] - Training samples: 45000
2025-05-08 11:39:12,413 [INFO] - Validation samples: 5000
2025-05-08 11:39:12,413 [INFO] - Test samples: 10000
2025-05-08 11:39:24,547 [INFO] - Calibration curve saved to C:\Users\Gading\Downloads\Research\Results\EfficientNetB0\efficientnet_b0_teacher_20250508_113840_calibration_curve.png
2025-05-08 11:40:01,498 [INFO] - Script completed successfully
